CRITICAL - 2025-06-13 05:39:46 --> CodeIgniter\HTTP\Exceptions\HTTPException: Failed to parse JSON string. Error: Syntax error
[Method: POST, Route: post/]
in SYSTEMPATH\HTTP\IncomingRequest.php on line 537.
 1 SYSTEMPATH\HTTP\IncomingRequest.php(537): CodeIgniter\HTTP\Exceptions\HTTPException::forInvalidJSON('Syntax error')
 2 APPPATH\Controllers\Post.php(21): CodeIgniter\HTTP\IncomingRequest->getJSON(true)
 3 SYSTEMPATH\CodeIgniter.php(933): App\Controllers\Post->create()
 4 SYSTEMPATH\CodeIgniter.php(507): CodeIgniter\CodeIgniter->runController(Object(App\Controllers\Post))
 5 SYSTEMPATH\CodeIgniter.php(354): CodeIgniter\CodeIgniter->handleRequest(null, Object(Config\Cache), false)
 6 SYSTEMPATH\Boot.php(334): CodeIgniter\CodeIgniter->run()
 7 SYSTEMPATH\Boot.php(67): CodeIgniter\Boot::runCodeIgniter(Object(CodeIgniter\CodeIgniter))
 8 FCPATH\index.php(56): CodeIgniter\Boot::bootWeb(Object(Config\Paths))
 9 SYSTEMPATH\rewrite.php(44): require_once('C:\\xampp\\htdocs\\lab11_php_ci\\ci4\\public\\index.php')
CRITICAL - 2025-06-13 05:39:59 --> CodeIgniter\HTTP\Exceptions\HTTPException: Failed to parse JSON string. Error: Syntax error
[Method: POST, Route: post/]
in SYSTEMPATH\HTTP\IncomingRequest.php on line 537.
 1 SYSTEMPATH\HTTP\IncomingRequest.php(537): CodeIgniter\HTTP\Exceptions\HTTPException::forInvalidJSON('Syntax error')
 2 APPPATH\Controllers\Post.php(21): CodeIgniter\HTTP\IncomingRequest->getJSON(true)
 3 SYSTEMPATH\CodeIgniter.php(933): App\Controllers\Post->create()
 4 SYSTEMPATH\CodeIgniter.php(507): CodeIgniter\CodeIgniter->runController(Object(App\Controllers\Post))
 5 SYSTEMPATH\CodeIgniter.php(354): CodeIgniter\CodeIgniter->handleRequest(null, Object(Config\Cache), false)
 6 SYSTEMPATH\Boot.php(334): CodeIgniter\CodeIgniter->run()
 7 SYSTEMPATH\Boot.php(67): CodeIgniter\Boot::runCodeIgniter(Object(CodeIgniter\CodeIgniter))
 8 FCPATH\index.php(56): CodeIgniter\Boot::bootWeb(Object(Config\Paths))
 9 SYSTEMPATH\rewrite.php(44): require_once('C:\\xampp\\htdocs\\lab11_php_ci\\ci4\\public\\index.php')
CRITICAL - 2025-06-13 05:40:02 --> CodeIgniter\HTTP\Exceptions\HTTPException: Failed to parse JSON string. Error: Syntax error
[Method: POST, Route: post]
in SYSTEMPATH\HTTP\IncomingRequest.php on line 537.
 1 SYSTEMPATH\HTTP\IncomingRequest.php(537): CodeIgniter\HTTP\Exceptions\HTTPException::forInvalidJSON('Syntax error')
 2 APPPATH\Controllers\Post.php(21): CodeIgniter\HTTP\IncomingRequest->getJSON(true)
 3 SYSTEMPATH\CodeIgniter.php(933): App\Controllers\Post->create()
 4 SYSTEMPATH\CodeIgniter.php(507): CodeIgniter\CodeIgniter->runController(Object(App\Controllers\Post))
 5 SYSTEMPATH\CodeIgniter.php(354): CodeIgniter\CodeIgniter->handleRequest(null, Object(Config\Cache), false)
 6 SYSTEMPATH\Boot.php(334): CodeIgniter\CodeIgniter->run()
 7 SYSTEMPATH\Boot.php(67): CodeIgniter\Boot::runCodeIgniter(Object(CodeIgniter\CodeIgniter))
 8 FCPATH\index.php(56): CodeIgniter\Boot::bootWeb(Object(Config\Paths))
 9 SYSTEMPATH\rewrite.php(44): require_once('C:\\xampp\\htdocs\\lab11_php_ci\\ci4\\public\\index.php')
CRITICAL - 2025-06-13 08:45:11 --> ErrorException: Namespace declaration statement has to be the very first statement or after any declare call in the script
[Method: GET, Route: post]
in APPPATH\Controllers\Post.php on line 7.
 1 [internal function]: CodeIgniter\Debug\Exceptions->shutdownHandler()
CRITICAL - 2025-06-13 08:46:36 --> ErrorException: Namespace declaration statement has to be the very first statement or after any declare call in the script
[Method: GET, Route: post]
in APPPATH\Controllers\Post.php on line 7.
 1 [internal function]: CodeIgniter\Debug\Exceptions->shutdownHandler()
CRITICAL - 2025-06-13 08:46:38 --> ErrorException: Namespace declaration statement has to be the very first statement or after any declare call in the script
[Method: GET, Route: post]
in APPPATH\Controllers\Post.php on line 7.
 1 [internal function]: CodeIgniter\Debug\Exceptions->shutdownHandler()
CRITICAL - 2025-06-13 08:47:11 --> ErrorException: Namespace declaration statement has to be the very first statement or after any declare call in the script
[Method: GET, Route: post]
in APPPATH\Controllers\Post.php on line 7.
 1 [internal function]: CodeIgniter\Debug\Exceptions->shutdownHandler()
ERROR - 2025-06-13 09:07:40 --> mysqli_sql_exception: Cannot add or update a child row: a foreign key constraint fails (`lab_ci4`.`artikel`, CONSTRAINT `fk_kategori_artikel` FOREIGN KEY (`id_kategori`) REFERENCES `kategori` (`id_kategori`)) in C:\xampp\htdocs\lab11_php_ci\ci4\system\Database\MySQLi\Connection.php:327
Stack trace:
#0 C:\xampp\htdocs\lab11_php_ci\ci4\system\Database\MySQLi\Connection.php(327): mysqli->query('UPDATE `artikel...', 0)
#1 C:\xampp\htdocs\lab11_php_ci\ci4\system\Database\BaseConnection.php(738): CodeIgniter\Database\MySQLi\Connection->execute('UPDATE `artikel...')
#2 C:\xampp\htdocs\lab11_php_ci\ci4\system\Database\BaseConnection.php(652): CodeIgniter\Database\BaseConnection->simpleQuery('UPDATE `artikel...')
#3 C:\xampp\htdocs\lab11_php_ci\ci4\system\Database\BaseBuilder.php(2521): CodeIgniter\Database\BaseConnection->query('UPDATE `artikel...', Array, false)
#4 C:\xampp\htdocs\lab11_php_ci\ci4\system\Model.php(461): CodeIgniter\Database\BaseBuilder->update()
#5 C:\xampp\htdocs\lab11_php_ci\ci4\system\BaseModel.php(1027): CodeIgniter\Model->doUpdate(Array, Array)
#6 C:\xampp\htdocs\lab11_php_ci\ci4\system\Model.php(863): CodeIgniter\BaseModel->update(Array, Array)
#7 C:\xampp\htdocs\lab11_php_ci\ci4\app\Controllers\Post.php(70): CodeIgniter\Model->update('23', Array)
#8 C:\xampp\htdocs\lab11_php_ci\ci4\system\CodeIgniter.php(933): App\Controllers\Post->update('23')
#9 C:\xampp\htdocs\lab11_php_ci\ci4\system\CodeIgniter.php(507): CodeIgniter\CodeIgniter->runController(Object(App\Controllers\Post))
#10 C:\xampp\htdocs\lab11_php_ci\ci4\system\CodeIgniter.php(354): CodeIgniter\CodeIgniter->handleRequest(NULL, Object(Config\Cache), false)
#11 C:\xampp\htdocs\lab11_php_ci\ci4\system\Boot.php(334): CodeIgniter\CodeIgniter->run()
#12 C:\xampp\htdocs\lab11_php_ci\ci4\system\Boot.php(67): CodeIgniter\Boot::runCodeIgniter(Object(CodeIgniter\CodeIgniter))
#13 C:\xampp\htdocs\lab11_php_ci\ci4\public\index.php(56): CodeIgniter\Boot::bootWeb(Object(Config\Paths))
#14 C:\xampp\htdocs\lab11_php_ci\ci4\system\rewrite.php(44): require_once('C:\\xampp\\htdocs...')
#15 {main}
CRITICAL - 2025-06-13 09:07:40 --> CodeIgniter\Database\Exceptions\DatabaseException: Cannot add or update a child row: a foreign key constraint fails (`lab_ci4`.`artikel`, CONSTRAINT `fk_kategori_artikel` FOREIGN KEY (`id_kategori`) REFERENCES `kategori` (`id_kategori`))
[Method: PUT, Route: post/23]
in SYSTEMPATH\Database\BaseConnection.php on line 692.
 1 SYSTEMPATH\Database\BaseBuilder.php(2521): CodeIgniter\Database\BaseConnection->query('UPDATE `artikel` SET `judul` = :judul:, `isi` = :isi:, `gambar` = :gambar:, `status` = :status:, `slug` = :slug:, `id_kategori` = :id_kategori:
WHERE `artikel`.`id` IN :artikel.id:', [...], false)
 2 SYSTEMPATH\Model.php(461): CodeIgniter\Database\BaseBuilder->update()
 3 SYSTEMPATH\BaseModel.php(1027): CodeIgniter\Model->doUpdate([...], [...])
 4 SYSTEMPATH\Model.php(863): CodeIgniter\BaseModel->update([...], [...])
 5 APPPATH\Controllers\Post.php(70): CodeIgniter\Model->update('23', [...])
 6 SYSTEMPATH\CodeIgniter.php(933): App\Controllers\Post->update('23')
 7 SYSTEMPATH\CodeIgniter.php(507): CodeIgniter\CodeIgniter->runController(Object(App\Controllers\Post))
 8 SYSTEMPATH\CodeIgniter.php(354): CodeIgniter\CodeIgniter->handleRequest(null, Object(Config\Cache), false)
 9 SYSTEMPATH\Boot.php(334): CodeIgniter\CodeIgniter->run()
10 SYSTEMPATH\Boot.php(67): CodeIgniter\Boot::runCodeIgniter(Object(CodeIgniter\CodeIgniter))
11 FCPATH\index.php(56): CodeIgniter\Boot::bootWeb(Object(Config\Paths))
12 SYSTEMPATH\rewrite.php(44): require_once('C:\\xampp\\htdocs\\lab11_php_ci\\ci4\\public\\index.php')
CRITICAL - 2025-06-13 09:07:40 --> [Caused by] CodeIgniter\Database\Exceptions\DatabaseException: Cannot add or update a child row: a foreign key constraint fails (`lab_ci4`.`artikel`, CONSTRAINT `fk_kategori_artikel` FOREIGN KEY (`id_kategori`) REFERENCES `kategori` (`id_kategori`))
in SYSTEMPATH\Database\MySQLi\Connection.php on line 332.
 1 SYSTEMPATH\Database\BaseConnection.php(738): CodeIgniter\Database\MySQLi\Connection->execute('UPDATE `artikel` SET `judul` = \'adakah\', `isi` = \'kambang\', `gambar` = \'null\', `status` = \'0\', `slug` = \'null\', `id_kategori` = \'null\'
WHERE `artikel`.`id` IN (\'23\')')
 2 SYSTEMPATH\Database\BaseConnection.php(652): CodeIgniter\Database\BaseConnection->simpleQuery('UPDATE `artikel` SET `judul` = \'adakah\', `isi` = \'kambang\', `gambar` = \'null\', `status` = \'0\', `slug` = \'null\', `id_kategori` = \'null\'
WHERE `artikel`.`id` IN (\'23\')')
 3 SYSTEMPATH\Database\BaseBuilder.php(2521): CodeIgniter\Database\BaseConnection->query('UPDATE `artikel` SET `judul` = :judul:, `isi` = :isi:, `gambar` = :gambar:, `status` = :status:, `slug` = :slug:, `id_kategori` = :id_kategori:
WHERE `artikel`.`id` IN :artikel.id:', [...], false)
 4 SYSTEMPATH\Model.php(461): CodeIgniter\Database\BaseBuilder->update()
 5 SYSTEMPATH\BaseModel.php(1027): CodeIgniter\Model->doUpdate([...], [...])
 6 SYSTEMPATH\Model.php(863): CodeIgniter\BaseModel->update([...], [...])
 7 APPPATH\Controllers\Post.php(70): CodeIgniter\Model->update('23', [...])
 8 SYSTEMPATH\CodeIgniter.php(933): App\Controllers\Post->update('23')
 9 SYSTEMPATH\CodeIgniter.php(507): CodeIgniter\CodeIgniter->runController(Object(App\Controllers\Post))
10 SYSTEMPATH\CodeIgniter.php(354): CodeIgniter\CodeIgniter->handleRequest(null, Object(Config\Cache), false)
11 SYSTEMPATH\Boot.php(334): CodeIgniter\CodeIgniter->run()
12 SYSTEMPATH\Boot.php(67): CodeIgniter\Boot::runCodeIgniter(Object(CodeIgniter\CodeIgniter))
13 FCPATH\index.php(56): CodeIgniter\Boot::bootWeb(Object(Config\Paths))
14 SYSTEMPATH\rewrite.php(44): require_once('C:\\xampp\\htdocs\\lab11_php_ci\\ci4\\public\\index.php')
CRITICAL - 2025-06-13 09:07:40 --> [Caused by] mysqli_sql_exception: Cannot add or update a child row: a foreign key constraint fails (`lab_ci4`.`artikel`, CONSTRAINT `fk_kategori_artikel` FOREIGN KEY (`id_kategori`) REFERENCES `kategori` (`id_kategori`))
in SYSTEMPATH\Database\MySQLi\Connection.php on line 327.
 1 SYSTEMPATH\Database\MySQLi\Connection.php(327): mysqli->query('UPDATE `artikel` SET `judul` = \'adakah\', `isi` = \'kambang\', `gambar` = \'null\', `status` = \'0\', `slug` = \'null\', `id_kategori` = \'null\'
WHERE `artikel`.`id` IN (\'23\')', 0)
 2 SYSTEMPATH\Database\BaseConnection.php(738): CodeIgniter\Database\MySQLi\Connection->execute('UPDATE `artikel` SET `judul` = \'adakah\', `isi` = \'kambang\', `gambar` = \'null\', `status` = \'0\', `slug` = \'null\', `id_kategori` = \'null\'
WHERE `artikel`.`id` IN (\'23\')')
 3 SYSTEMPATH\Database\BaseConnection.php(652): CodeIgniter\Database\BaseConnection->simpleQuery('UPDATE `artikel` SET `judul` = \'adakah\', `isi` = \'kambang\', `gambar` = \'null\', `status` = \'0\', `slug` = \'null\', `id_kategori` = \'null\'
WHERE `artikel`.`id` IN (\'23\')')
 4 SYSTEMPATH\Database\BaseBuilder.php(2521): CodeIgniter\Database\BaseConnection->query('UPDATE `artikel` SET `judul` = :judul:, `isi` = :isi:, `gambar` = :gambar:, `status` = :status:, `slug` = :slug:, `id_kategori` = :id_kategori:
WHERE `artikel`.`id` IN :artikel.id:', [...], false)
 5 SYSTEMPATH\Model.php(461): CodeIgniter\Database\BaseBuilder->update()
 6 SYSTEMPATH\BaseModel.php(1027): CodeIgniter\Model->doUpdate([...], [...])
 7 SYSTEMPATH\Model.php(863): CodeIgniter\BaseModel->update([...], [...])
 8 APPPATH\Controllers\Post.php(70): CodeIgniter\Model->update('23', [...])
 9 SYSTEMPATH\CodeIgniter.php(933): App\Controllers\Post->update('23')
10 SYSTEMPATH\CodeIgniter.php(507): CodeIgniter\CodeIgniter->runController(Object(App\Controllers\Post))
11 SYSTEMPATH\CodeIgniter.php(354): CodeIgniter\CodeIgniter->handleRequest(null, Object(Config\Cache), false)
12 SYSTEMPATH\Boot.php(334): CodeIgniter\CodeIgniter->run()
13 SYSTEMPATH\Boot.php(67): CodeIgniter\Boot::runCodeIgniter(Object(CodeIgniter\CodeIgniter))
14 FCPATH\index.php(56): CodeIgniter\Boot::bootWeb(Object(Config\Paths))
15 SYSTEMPATH\rewrite.php(44): require_once('C:\\xampp\\htdocs\\lab11_php_ci\\ci4\\public\\index.php')
ERROR - 2025-06-13 09:09:00 --> mysqli_sql_exception: Cannot add or update a child row: a foreign key constraint fails (`lab_ci4`.`artikel`, CONSTRAINT `fk_kategori_artikel` FOREIGN KEY (`id_kategori`) REFERENCES `kategori` (`id_kategori`)) in C:\xampp\htdocs\lab11_php_ci\ci4\system\Database\MySQLi\Connection.php:327
Stack trace:
#0 C:\xampp\htdocs\lab11_php_ci\ci4\system\Database\MySQLi\Connection.php(327): mysqli->query('UPDATE `artikel...', 0)
#1 C:\xampp\htdocs\lab11_php_ci\ci4\system\Database\BaseConnection.php(738): CodeIgniter\Database\MySQLi\Connection->execute('UPDATE `artikel...')
#2 C:\xampp\htdocs\lab11_php_ci\ci4\system\Database\BaseConnection.php(652): CodeIgniter\Database\BaseConnection->simpleQuery('UPDATE `artikel...')
#3 C:\xampp\htdocs\lab11_php_ci\ci4\system\Database\BaseBuilder.php(2521): CodeIgniter\Database\BaseConnection->query('UPDATE `artikel...', Array, false)
#4 C:\xampp\htdocs\lab11_php_ci\ci4\system\Model.php(461): CodeIgniter\Database\BaseBuilder->update()
#5 C:\xampp\htdocs\lab11_php_ci\ci4\system\BaseModel.php(1027): CodeIgniter\Model->doUpdate(Array, Array)
#6 C:\xampp\htdocs\lab11_php_ci\ci4\system\Model.php(863): CodeIgniter\BaseModel->update(Array, Array)
#7 C:\xampp\htdocs\lab11_php_ci\ci4\app\Controllers\Post.php(70): CodeIgniter\Model->update('23', Array)
#8 C:\xampp\htdocs\lab11_php_ci\ci4\system\CodeIgniter.php(933): App\Controllers\Post->update('23')
#9 C:\xampp\htdocs\lab11_php_ci\ci4\system\CodeIgniter.php(507): CodeIgniter\CodeIgniter->runController(Object(App\Controllers\Post))
#10 C:\xampp\htdocs\lab11_php_ci\ci4\system\CodeIgniter.php(354): CodeIgniter\CodeIgniter->handleRequest(NULL, Object(Config\Cache), false)
#11 C:\xampp\htdocs\lab11_php_ci\ci4\system\Boot.php(334): CodeIgniter\CodeIgniter->run()
#12 C:\xampp\htdocs\lab11_php_ci\ci4\system\Boot.php(67): CodeIgniter\Boot::runCodeIgniter(Object(CodeIgniter\CodeIgniter))
#13 C:\xampp\htdocs\lab11_php_ci\ci4\public\index.php(56): CodeIgniter\Boot::bootWeb(Object(Config\Paths))
#14 C:\xampp\htdocs\lab11_php_ci\ci4\system\rewrite.php(44): require_once('C:\\xampp\\htdocs...')
#15 {main}
CRITICAL - 2025-06-13 09:09:00 --> CodeIgniter\Database\Exceptions\DatabaseException: Cannot add or update a child row: a foreign key constraint fails (`lab_ci4`.`artikel`, CONSTRAINT `fk_kategori_artikel` FOREIGN KEY (`id_kategori`) REFERENCES `kategori` (`id_kategori`))
[Method: PUT, Route: post/23]
in SYSTEMPATH\Database\BaseConnection.php on line 692.
 1 SYSTEMPATH\Database\BaseBuilder.php(2521): CodeIgniter\Database\BaseConnection->query('UPDATE `artikel` SET `judul` = :judul:, `isi` = :isi:, `gambar` = :gambar:, `status` = :status:, `slug` = :slug:, `id_kategori` = :id_kategori:
WHERE `artikel`.`id` IN :artikel.id:', [...], false)
 2 SYSTEMPATH\Model.php(461): CodeIgniter\Database\BaseBuilder->update()
 3 SYSTEMPATH\BaseModel.php(1027): CodeIgniter\Model->doUpdate([...], [...])
 4 SYSTEMPATH\Model.php(863): CodeIgniter\BaseModel->update([...], [...])
 5 APPPATH\Controllers\Post.php(70): CodeIgniter\Model->update('23', [...])
 6 SYSTEMPATH\CodeIgniter.php(933): App\Controllers\Post->update('23')
 7 SYSTEMPATH\CodeIgniter.php(507): CodeIgniter\CodeIgniter->runController(Object(App\Controllers\Post))
 8 SYSTEMPATH\CodeIgniter.php(354): CodeIgniter\CodeIgniter->handleRequest(null, Object(Config\Cache), false)
 9 SYSTEMPATH\Boot.php(334): CodeIgniter\CodeIgniter->run()
10 SYSTEMPATH\Boot.php(67): CodeIgniter\Boot::runCodeIgniter(Object(CodeIgniter\CodeIgniter))
11 FCPATH\index.php(56): CodeIgniter\Boot::bootWeb(Object(Config\Paths))
12 SYSTEMPATH\rewrite.php(44): require_once('C:\\xampp\\htdocs\\lab11_php_ci\\ci4\\public\\index.php')
CRITICAL - 2025-06-13 09:09:00 --> [Caused by] CodeIgniter\Database\Exceptions\DatabaseException: Cannot add or update a child row: a foreign key constraint fails (`lab_ci4`.`artikel`, CONSTRAINT `fk_kategori_artikel` FOREIGN KEY (`id_kategori`) REFERENCES `kategori` (`id_kategori`))
in SYSTEMPATH\Database\MySQLi\Connection.php on line 332.
 1 SYSTEMPATH\Database\BaseConnection.php(738): CodeIgniter\Database\MySQLi\Connection->execute('UPDATE `artikel` SET `judul` = \'cebok\', `isi` = \'dulu\', `gambar` = \'null\', `status` = \'0\', `slug` = \'null\', `id_kategori` = \'null\'
WHERE `artikel`.`id` IN (\'23\')')
 2 SYSTEMPATH\Database\BaseConnection.php(652): CodeIgniter\Database\BaseConnection->simpleQuery('UPDATE `artikel` SET `judul` = \'cebok\', `isi` = \'dulu\', `gambar` = \'null\', `status` = \'0\', `slug` = \'null\', `id_kategori` = \'null\'
WHERE `artikel`.`id` IN (\'23\')')
 3 SYSTEMPATH\Database\BaseBuilder.php(2521): CodeIgniter\Database\BaseConnection->query('UPDATE `artikel` SET `judul` = :judul:, `isi` = :isi:, `gambar` = :gambar:, `status` = :status:, `slug` = :slug:, `id_kategori` = :id_kategori:
WHERE `artikel`.`id` IN :artikel.id:', [...], false)
 4 SYSTEMPATH\Model.php(461): CodeIgniter\Database\BaseBuilder->update()
 5 SYSTEMPATH\BaseModel.php(1027): CodeIgniter\Model->doUpdate([...], [...])
 6 SYSTEMPATH\Model.php(863): CodeIgniter\BaseModel->update([...], [...])
 7 APPPATH\Controllers\Post.php(70): CodeIgniter\Model->update('23', [...])
 8 SYSTEMPATH\CodeIgniter.php(933): App\Controllers\Post->update('23')
 9 SYSTEMPATH\CodeIgniter.php(507): CodeIgniter\CodeIgniter->runController(Object(App\Controllers\Post))
10 SYSTEMPATH\CodeIgniter.php(354): CodeIgniter\CodeIgniter->handleRequest(null, Object(Config\Cache), false)
11 SYSTEMPATH\Boot.php(334): CodeIgniter\CodeIgniter->run()
12 SYSTEMPATH\Boot.php(67): CodeIgniter\Boot::runCodeIgniter(Object(CodeIgniter\CodeIgniter))
13 FCPATH\index.php(56): CodeIgniter\Boot::bootWeb(Object(Config\Paths))
14 SYSTEMPATH\rewrite.php(44): require_once('C:\\xampp\\htdocs\\lab11_php_ci\\ci4\\public\\index.php')
CRITICAL - 2025-06-13 09:09:00 --> [Caused by] mysqli_sql_exception: Cannot add or update a child row: a foreign key constraint fails (`lab_ci4`.`artikel`, CONSTRAINT `fk_kategori_artikel` FOREIGN KEY (`id_kategori`) REFERENCES `kategori` (`id_kategori`))
in SYSTEMPATH\Database\MySQLi\Connection.php on line 327.
 1 SYSTEMPATH\Database\MySQLi\Connection.php(327): mysqli->query('UPDATE `artikel` SET `judul` = \'cebok\', `isi` = \'dulu\', `gambar` = \'null\', `status` = \'0\', `slug` = \'null\', `id_kategori` = \'null\'
WHERE `artikel`.`id` IN (\'23\')', 0)
 2 SYSTEMPATH\Database\BaseConnection.php(738): CodeIgniter\Database\MySQLi\Connection->execute('UPDATE `artikel` SET `judul` = \'cebok\', `isi` = \'dulu\', `gambar` = \'null\', `status` = \'0\', `slug` = \'null\', `id_kategori` = \'null\'
WHERE `artikel`.`id` IN (\'23\')')
 3 SYSTEMPATH\Database\BaseConnection.php(652): CodeIgniter\Database\BaseConnection->simpleQuery('UPDATE `artikel` SET `judul` = \'cebok\', `isi` = \'dulu\', `gambar` = \'null\', `status` = \'0\', `slug` = \'null\', `id_kategori` = \'null\'
WHERE `artikel`.`id` IN (\'23\')')
 4 SYSTEMPATH\Database\BaseBuilder.php(2521): CodeIgniter\Database\BaseConnection->query('UPDATE `artikel` SET `judul` = :judul:, `isi` = :isi:, `gambar` = :gambar:, `status` = :status:, `slug` = :slug:, `id_kategori` = :id_kategori:
WHERE `artikel`.`id` IN :artikel.id:', [...], false)
 5 SYSTEMPATH\Model.php(461): CodeIgniter\Database\BaseBuilder->update()
 6 SYSTEMPATH\BaseModel.php(1027): CodeIgniter\Model->doUpdate([...], [...])
 7 SYSTEMPATH\Model.php(863): CodeIgniter\BaseModel->update([...], [...])
 8 APPPATH\Controllers\Post.php(70): CodeIgniter\Model->update('23', [...])
 9 SYSTEMPATH\CodeIgniter.php(933): App\Controllers\Post->update('23')
10 SYSTEMPATH\CodeIgniter.php(507): CodeIgniter\CodeIgniter->runController(Object(App\Controllers\Post))
11 SYSTEMPATH\CodeIgniter.php(354): CodeIgniter\CodeIgniter->handleRequest(null, Object(Config\Cache), false)
12 SYSTEMPATH\Boot.php(334): CodeIgniter\CodeIgniter->run()
13 SYSTEMPATH\Boot.php(67): CodeIgniter\Boot::runCodeIgniter(Object(CodeIgniter\CodeIgniter))
14 FCPATH\index.php(56): CodeIgniter\Boot::bootWeb(Object(Config\Paths))
15 SYSTEMPATH\rewrite.php(44): require_once('C:\\xampp\\htdocs\\lab11_php_ci\\ci4\\public\\index.php')
ERROR - 2025-06-13 09:10:52 --> mysqli_sql_exception: Cannot add or update a child row: a foreign key constraint fails (`lab_ci4`.`artikel`, CONSTRAINT `fk_kategori_artikel` FOREIGN KEY (`id_kategori`) REFERENCES `kategori` (`id_kategori`)) in C:\xampp\htdocs\lab11_php_ci\ci4\system\Database\MySQLi\Connection.php:327
Stack trace:
#0 C:\xampp\htdocs\lab11_php_ci\ci4\system\Database\MySQLi\Connection.php(327): mysqli->query('UPDATE `artikel...', 0)
#1 C:\xampp\htdocs\lab11_php_ci\ci4\system\Database\BaseConnection.php(738): CodeIgniter\Database\MySQLi\Connection->execute('UPDATE `artikel...')
#2 C:\xampp\htdocs\lab11_php_ci\ci4\system\Database\BaseConnection.php(652): CodeIgniter\Database\BaseConnection->simpleQuery('UPDATE `artikel...')
#3 C:\xampp\htdocs\lab11_php_ci\ci4\system\Database\BaseBuilder.php(2521): CodeIgniter\Database\BaseConnection->query('UPDATE `artikel...', Array, false)
#4 C:\xampp\htdocs\lab11_php_ci\ci4\system\Model.php(461): CodeIgniter\Database\BaseBuilder->update()
#5 C:\xampp\htdocs\lab11_php_ci\ci4\system\BaseModel.php(1027): CodeIgniter\Model->doUpdate(Array, Array)
#6 C:\xampp\htdocs\lab11_php_ci\ci4\system\Model.php(863): CodeIgniter\BaseModel->update(Array, Array)
#7 C:\xampp\htdocs\lab11_php_ci\ci4\app\Controllers\Post.php(69): CodeIgniter\Model->update('23', Array)
#8 C:\xampp\htdocs\lab11_php_ci\ci4\system\CodeIgniter.php(933): App\Controllers\Post->update('23')
#9 C:\xampp\htdocs\lab11_php_ci\ci4\system\CodeIgniter.php(507): CodeIgniter\CodeIgniter->runController(Object(App\Controllers\Post))
#10 C:\xampp\htdocs\lab11_php_ci\ci4\system\CodeIgniter.php(354): CodeIgniter\CodeIgniter->handleRequest(NULL, Object(Config\Cache), false)
#11 C:\xampp\htdocs\lab11_php_ci\ci4\system\Boot.php(334): CodeIgniter\CodeIgniter->run()
#12 C:\xampp\htdocs\lab11_php_ci\ci4\system\Boot.php(67): CodeIgniter\Boot::runCodeIgniter(Object(CodeIgniter\CodeIgniter))
#13 C:\xampp\htdocs\lab11_php_ci\ci4\public\index.php(56): CodeIgniter\Boot::bootWeb(Object(Config\Paths))
#14 C:\xampp\htdocs\lab11_php_ci\ci4\system\rewrite.php(44): require_once('C:\\xampp\\htdocs...')
#15 {main}
CRITICAL - 2025-06-13 09:10:52 --> CodeIgniter\Database\Exceptions\DatabaseException: Cannot add or update a child row: a foreign key constraint fails (`lab_ci4`.`artikel`, CONSTRAINT `fk_kategori_artikel` FOREIGN KEY (`id_kategori`) REFERENCES `kategori` (`id_kategori`))
[Method: PUT, Route: post/23]
in SYSTEMPATH\Database\BaseConnection.php on line 692.
 1 SYSTEMPATH\Database\BaseBuilder.php(2521): CodeIgniter\Database\BaseConnection->query('UPDATE `artikel` SET `judul` = :judul:, `isi` = :isi:, `gambar` = :gambar:, `status` = :status:, `slug` = :slug:, `id_kategori` = :id_kategori:
WHERE `artikel`.`id` IN :artikel.id:', [...], false)
 2 SYSTEMPATH\Model.php(461): CodeIgniter\Database\BaseBuilder->update()
 3 SYSTEMPATH\BaseModel.php(1027): CodeIgniter\Model->doUpdate([...], [...])
 4 SYSTEMPATH\Model.php(863): CodeIgniter\BaseModel->update([...], [...])
 5 APPPATH\Controllers\Post.php(69): CodeIgniter\Model->update('23', [...])
 6 SYSTEMPATH\CodeIgniter.php(933): App\Controllers\Post->update('23')
 7 SYSTEMPATH\CodeIgniter.php(507): CodeIgniter\CodeIgniter->runController(Object(App\Controllers\Post))
 8 SYSTEMPATH\CodeIgniter.php(354): CodeIgniter\CodeIgniter->handleRequest(null, Object(Config\Cache), false)
 9 SYSTEMPATH\Boot.php(334): CodeIgniter\CodeIgniter->run()
10 SYSTEMPATH\Boot.php(67): CodeIgniter\Boot::runCodeIgniter(Object(CodeIgniter\CodeIgniter))
11 FCPATH\index.php(56): CodeIgniter\Boot::bootWeb(Object(Config\Paths))
12 SYSTEMPATH\rewrite.php(44): require_once('C:\\xampp\\htdocs\\lab11_php_ci\\ci4\\public\\index.php')
CRITICAL - 2025-06-13 09:10:52 --> [Caused by] CodeIgniter\Database\Exceptions\DatabaseException: Cannot add or update a child row: a foreign key constraint fails (`lab_ci4`.`artikel`, CONSTRAINT `fk_kategori_artikel` FOREIGN KEY (`id_kategori`) REFERENCES `kategori` (`id_kategori`))
in SYSTEMPATH\Database\MySQLi\Connection.php on line 332.
 1 SYSTEMPATH\Database\BaseConnection.php(738): CodeIgniter\Database\MySQLi\Connection->execute('UPDATE `artikel` SET `judul` = \'berdahak\', `isi` = \'kentutlu\', `gambar` = \'null\', `status` = \'0\', `slug` = \'null\', `id_kategori` = \'null\'
WHERE `artikel`.`id` IN (\'23\')')
 2 SYSTEMPATH\Database\BaseConnection.php(652): CodeIgniter\Database\BaseConnection->simpleQuery('UPDATE `artikel` SET `judul` = \'berdahak\', `isi` = \'kentutlu\', `gambar` = \'null\', `status` = \'0\', `slug` = \'null\', `id_kategori` = \'null\'
WHERE `artikel`.`id` IN (\'23\')')
 3 SYSTEMPATH\Database\BaseBuilder.php(2521): CodeIgniter\Database\BaseConnection->query('UPDATE `artikel` SET `judul` = :judul:, `isi` = :isi:, `gambar` = :gambar:, `status` = :status:, `slug` = :slug:, `id_kategori` = :id_kategori:
WHERE `artikel`.`id` IN :artikel.id:', [...], false)
 4 SYSTEMPATH\Model.php(461): CodeIgniter\Database\BaseBuilder->update()
 5 SYSTEMPATH\BaseModel.php(1027): CodeIgniter\Model->doUpdate([...], [...])
 6 SYSTEMPATH\Model.php(863): CodeIgniter\BaseModel->update([...], [...])
 7 APPPATH\Controllers\Post.php(69): CodeIgniter\Model->update('23', [...])
 8 SYSTEMPATH\CodeIgniter.php(933): App\Controllers\Post->update('23')
 9 SYSTEMPATH\CodeIgniter.php(507): CodeIgniter\CodeIgniter->runController(Object(App\Controllers\Post))
10 SYSTEMPATH\CodeIgniter.php(354): CodeIgniter\CodeIgniter->handleRequest(null, Object(Config\Cache), false)
11 SYSTEMPATH\Boot.php(334): CodeIgniter\CodeIgniter->run()
12 SYSTEMPATH\Boot.php(67): CodeIgniter\Boot::runCodeIgniter(Object(CodeIgniter\CodeIgniter))
13 FCPATH\index.php(56): CodeIgniter\Boot::bootWeb(Object(Config\Paths))
14 SYSTEMPATH\rewrite.php(44): require_once('C:\\xampp\\htdocs\\lab11_php_ci\\ci4\\public\\index.php')
CRITICAL - 2025-06-13 09:10:52 --> [Caused by] mysqli_sql_exception: Cannot add or update a child row: a foreign key constraint fails (`lab_ci4`.`artikel`, CONSTRAINT `fk_kategori_artikel` FOREIGN KEY (`id_kategori`) REFERENCES `kategori` (`id_kategori`))
in SYSTEMPATH\Database\MySQLi\Connection.php on line 327.
 1 SYSTEMPATH\Database\MySQLi\Connection.php(327): mysqli->query('UPDATE `artikel` SET `judul` = \'berdahak\', `isi` = \'kentutlu\', `gambar` = \'null\', `status` = \'0\', `slug` = \'null\', `id_kategori` = \'null\'
WHERE `artikel`.`id` IN (\'23\')', 0)
 2 SYSTEMPATH\Database\BaseConnection.php(738): CodeIgniter\Database\MySQLi\Connection->execute('UPDATE `artikel` SET `judul` = \'berdahak\', `isi` = \'kentutlu\', `gambar` = \'null\', `status` = \'0\', `slug` = \'null\', `id_kategori` = \'null\'
WHERE `artikel`.`id` IN (\'23\')')
 3 SYSTEMPATH\Database\BaseConnection.php(652): CodeIgniter\Database\BaseConnection->simpleQuery('UPDATE `artikel` SET `judul` = \'berdahak\', `isi` = \'kentutlu\', `gambar` = \'null\', `status` = \'0\', `slug` = \'null\', `id_kategori` = \'null\'
WHERE `artikel`.`id` IN (\'23\')')
 4 SYSTEMPATH\Database\BaseBuilder.php(2521): CodeIgniter\Database\BaseConnection->query('UPDATE `artikel` SET `judul` = :judul:, `isi` = :isi:, `gambar` = :gambar:, `status` = :status:, `slug` = :slug:, `id_kategori` = :id_kategori:
WHERE `artikel`.`id` IN :artikel.id:', [...], false)
 5 SYSTEMPATH\Model.php(461): CodeIgniter\Database\BaseBuilder->update()
 6 SYSTEMPATH\BaseModel.php(1027): CodeIgniter\Model->doUpdate([...], [...])
 7 SYSTEMPATH\Model.php(863): CodeIgniter\BaseModel->update([...], [...])
 8 APPPATH\Controllers\Post.php(69): CodeIgniter\Model->update('23', [...])
 9 SYSTEMPATH\CodeIgniter.php(933): App\Controllers\Post->update('23')
10 SYSTEMPATH\CodeIgniter.php(507): CodeIgniter\CodeIgniter->runController(Object(App\Controllers\Post))
11 SYSTEMPATH\CodeIgniter.php(354): CodeIgniter\CodeIgniter->handleRequest(null, Object(Config\Cache), false)
12 SYSTEMPATH\Boot.php(334): CodeIgniter\CodeIgniter->run()
13 SYSTEMPATH\Boot.php(67): CodeIgniter\Boot::runCodeIgniter(Object(CodeIgniter\CodeIgniter))
14 FCPATH\index.php(56): CodeIgniter\Boot::bootWeb(Object(Config\Paths))
15 SYSTEMPATH\rewrite.php(44): require_once('C:\\xampp\\htdocs\\lab11_php_ci\\ci4\\public\\index.php')
ERROR - 2025-06-13 09:12:55 --> mysqli_sql_exception: Cannot add or update a child row: a foreign key constraint fails (`lab_ci4`.`artikel`, CONSTRAINT `fk_kategori_artikel` FOREIGN KEY (`id_kategori`) REFERENCES `kategori` (`id_kategori`)) in C:\xampp\htdocs\lab11_php_ci\ci4\system\Database\MySQLi\Connection.php:327
Stack trace:
#0 C:\xampp\htdocs\lab11_php_ci\ci4\system\Database\MySQLi\Connection.php(327): mysqli->query('UPDATE `artikel...', 0)
#1 C:\xampp\htdocs\lab11_php_ci\ci4\system\Database\BaseConnection.php(738): CodeIgniter\Database\MySQLi\Connection->execute('UPDATE `artikel...')
#2 C:\xampp\htdocs\lab11_php_ci\ci4\system\Database\BaseConnection.php(652): CodeIgniter\Database\BaseConnection->simpleQuery('UPDATE `artikel...')
#3 C:\xampp\htdocs\lab11_php_ci\ci4\system\Database\BaseBuilder.php(2521): CodeIgniter\Database\BaseConnection->query('UPDATE `artikel...', Array, false)
#4 C:\xampp\htdocs\lab11_php_ci\ci4\system\Model.php(461): CodeIgniter\Database\BaseBuilder->update()
#5 C:\xampp\htdocs\lab11_php_ci\ci4\system\BaseModel.php(1027): CodeIgniter\Model->doUpdate(Array, Array)
#6 C:\xampp\htdocs\lab11_php_ci\ci4\system\Model.php(863): CodeIgniter\BaseModel->update(Array, Array)
#7 C:\xampp\htdocs\lab11_php_ci\ci4\app\Controllers\Post.php(69): CodeIgniter\Model->update('23', Array)
#8 C:\xampp\htdocs\lab11_php_ci\ci4\system\CodeIgniter.php(933): App\Controllers\Post->update('23')
#9 C:\xampp\htdocs\lab11_php_ci\ci4\system\CodeIgniter.php(507): CodeIgniter\CodeIgniter->runController(Object(App\Controllers\Post))
#10 C:\xampp\htdocs\lab11_php_ci\ci4\system\CodeIgniter.php(354): CodeIgniter\CodeIgniter->handleRequest(NULL, Object(Config\Cache), false)
#11 C:\xampp\htdocs\lab11_php_ci\ci4\system\Boot.php(334): CodeIgniter\CodeIgniter->run()
#12 C:\xampp\htdocs\lab11_php_ci\ci4\system\Boot.php(67): CodeIgniter\Boot::runCodeIgniter(Object(CodeIgniter\CodeIgniter))
#13 C:\xampp\htdocs\lab11_php_ci\ci4\public\index.php(56): CodeIgniter\Boot::bootWeb(Object(Config\Paths))
#14 C:\xampp\htdocs\lab11_php_ci\ci4\system\rewrite.php(44): require_once('C:\\xampp\\htdocs...')
#15 {main}
CRITICAL - 2025-06-13 09:12:55 --> CodeIgniter\Database\Exceptions\DatabaseException: Cannot add or update a child row: a foreign key constraint fails (`lab_ci4`.`artikel`, CONSTRAINT `fk_kategori_artikel` FOREIGN KEY (`id_kategori`) REFERENCES `kategori` (`id_kategori`))
[Method: PUT, Route: post/23]
in SYSTEMPATH\Database\BaseConnection.php on line 692.
 1 SYSTEMPATH\Database\BaseBuilder.php(2521): CodeIgniter\Database\BaseConnection->query('UPDATE `artikel` SET `judul` = :judul:, `isi` = :isi:, `gambar` = :gambar:, `status` = :status:, `slug` = :slug:, `id_kategori` = :id_kategori:
WHERE `artikel`.`id` IN :artikel.id:', [...], false)
 2 SYSTEMPATH\Model.php(461): CodeIgniter\Database\BaseBuilder->update()
 3 SYSTEMPATH\BaseModel.php(1027): CodeIgniter\Model->doUpdate([...], [...])
 4 SYSTEMPATH\Model.php(863): CodeIgniter\BaseModel->update([...], [...])
 5 APPPATH\Controllers\Post.php(69): CodeIgniter\Model->update('23', [...])
 6 SYSTEMPATH\CodeIgniter.php(933): App\Controllers\Post->update('23')
 7 SYSTEMPATH\CodeIgniter.php(507): CodeIgniter\CodeIgniter->runController(Object(App\Controllers\Post))
 8 SYSTEMPATH\CodeIgniter.php(354): CodeIgniter\CodeIgniter->handleRequest(null, Object(Config\Cache), false)
 9 SYSTEMPATH\Boot.php(334): CodeIgniter\CodeIgniter->run()
10 SYSTEMPATH\Boot.php(67): CodeIgniter\Boot::runCodeIgniter(Object(CodeIgniter\CodeIgniter))
11 FCPATH\index.php(56): CodeIgniter\Boot::bootWeb(Object(Config\Paths))
12 SYSTEMPATH\rewrite.php(44): require_once('C:\\xampp\\htdocs\\lab11_php_ci\\ci4\\public\\index.php')
CRITICAL - 2025-06-13 09:12:55 --> [Caused by] CodeIgniter\Database\Exceptions\DatabaseException: Cannot add or update a child row: a foreign key constraint fails (`lab_ci4`.`artikel`, CONSTRAINT `fk_kategori_artikel` FOREIGN KEY (`id_kategori`) REFERENCES `kategori` (`id_kategori`))
in SYSTEMPATH\Database\MySQLi\Connection.php on line 332.
 1 SYSTEMPATH\Database\BaseConnection.php(738): CodeIgniter\Database\MySQLi\Connection->execute('UPDATE `artikel` SET `judul` = \'hello\', `isi` = \'world\', `gambar` = \'null\', `status` = \'0\', `slug` = \'null\', `id_kategori` = \'null\'
WHERE `artikel`.`id` IN (\'23\')')
 2 SYSTEMPATH\Database\BaseConnection.php(652): CodeIgniter\Database\BaseConnection->simpleQuery('UPDATE `artikel` SET `judul` = \'hello\', `isi` = \'world\', `gambar` = \'null\', `status` = \'0\', `slug` = \'null\', `id_kategori` = \'null\'
WHERE `artikel`.`id` IN (\'23\')')
 3 SYSTEMPATH\Database\BaseBuilder.php(2521): CodeIgniter\Database\BaseConnection->query('UPDATE `artikel` SET `judul` = :judul:, `isi` = :isi:, `gambar` = :gambar:, `status` = :status:, `slug` = :slug:, `id_kategori` = :id_kategori:
WHERE `artikel`.`id` IN :artikel.id:', [...], false)
 4 SYSTEMPATH\Model.php(461): CodeIgniter\Database\BaseBuilder->update()
 5 SYSTEMPATH\BaseModel.php(1027): CodeIgniter\Model->doUpdate([...], [...])
 6 SYSTEMPATH\Model.php(863): CodeIgniter\BaseModel->update([...], [...])
 7 APPPATH\Controllers\Post.php(69): CodeIgniter\Model->update('23', [...])
 8 SYSTEMPATH\CodeIgniter.php(933): App\Controllers\Post->update('23')
 9 SYSTEMPATH\CodeIgniter.php(507): CodeIgniter\CodeIgniter->runController(Object(App\Controllers\Post))
10 SYSTEMPATH\CodeIgniter.php(354): CodeIgniter\CodeIgniter->handleRequest(null, Object(Config\Cache), false)
11 SYSTEMPATH\Boot.php(334): CodeIgniter\CodeIgniter->run()
12 SYSTEMPATH\Boot.php(67): CodeIgniter\Boot::runCodeIgniter(Object(CodeIgniter\CodeIgniter))
13 FCPATH\index.php(56): CodeIgniter\Boot::bootWeb(Object(Config\Paths))
14 SYSTEMPATH\rewrite.php(44): require_once('C:\\xampp\\htdocs\\lab11_php_ci\\ci4\\public\\index.php')
CRITICAL - 2025-06-13 09:12:55 --> [Caused by] mysqli_sql_exception: Cannot add or update a child row: a foreign key constraint fails (`lab_ci4`.`artikel`, CONSTRAINT `fk_kategori_artikel` FOREIGN KEY (`id_kategori`) REFERENCES `kategori` (`id_kategori`))
in SYSTEMPATH\Database\MySQLi\Connection.php on line 327.
 1 SYSTEMPATH\Database\MySQLi\Connection.php(327): mysqli->query('UPDATE `artikel` SET `judul` = \'hello\', `isi` = \'world\', `gambar` = \'null\', `status` = \'0\', `slug` = \'null\', `id_kategori` = \'null\'
WHERE `artikel`.`id` IN (\'23\')', 0)
 2 SYSTEMPATH\Database\BaseConnection.php(738): CodeIgniter\Database\MySQLi\Connection->execute('UPDATE `artikel` SET `judul` = \'hello\', `isi` = \'world\', `gambar` = \'null\', `status` = \'0\', `slug` = \'null\', `id_kategori` = \'null\'
WHERE `artikel`.`id` IN (\'23\')')
 3 SYSTEMPATH\Database\BaseConnection.php(652): CodeIgniter\Database\BaseConnection->simpleQuery('UPDATE `artikel` SET `judul` = \'hello\', `isi` = \'world\', `gambar` = \'null\', `status` = \'0\', `slug` = \'null\', `id_kategori` = \'null\'
WHERE `artikel`.`id` IN (\'23\')')
 4 SYSTEMPATH\Database\BaseBuilder.php(2521): CodeIgniter\Database\BaseConnection->query('UPDATE `artikel` SET `judul` = :judul:, `isi` = :isi:, `gambar` = :gambar:, `status` = :status:, `slug` = :slug:, `id_kategori` = :id_kategori:
WHERE `artikel`.`id` IN :artikel.id:', [...], false)
 5 SYSTEMPATH\Model.php(461): CodeIgniter\Database\BaseBuilder->update()
 6 SYSTEMPATH\BaseModel.php(1027): CodeIgniter\Model->doUpdate([...], [...])
 7 SYSTEMPATH\Model.php(863): CodeIgniter\BaseModel->update([...], [...])
 8 APPPATH\Controllers\Post.php(69): CodeIgniter\Model->update('23', [...])
 9 SYSTEMPATH\CodeIgniter.php(933): App\Controllers\Post->update('23')
10 SYSTEMPATH\CodeIgniter.php(507): CodeIgniter\CodeIgniter->runController(Object(App\Controllers\Post))
11 SYSTEMPATH\CodeIgniter.php(354): CodeIgniter\CodeIgniter->handleRequest(null, Object(Config\Cache), false)
12 SYSTEMPATH\Boot.php(334): CodeIgniter\CodeIgniter->run()
13 SYSTEMPATH\Boot.php(67): CodeIgniter\Boot::runCodeIgniter(Object(CodeIgniter\CodeIgniter))
14 FCPATH\index.php(56): CodeIgniter\Boot::bootWeb(Object(Config\Paths))
15 SYSTEMPATH\rewrite.php(44): require_once('C:\\xampp\\htdocs\\lab11_php_ci\\ci4\\public\\index.php')
