ERROR - 2025-04-23 13:29:49 --> Error connecting to the database: mysqli_sql_exception: No such file or directory in /storage/emulated/0/htdocs/lab11_ci/ci4/system/Database/MySQLi/Connection.php:201
Stack trace:
#0 /storage/emulated/0/htdocs/lab11_ci/ci4/system/Database/MySQLi/Connection.php(201): mysqli->real_connect('localhost', '', Object(SensitiveParameterValue), '', 3306, '', 0)
#1 /storage/emulated/0/htdocs/lab11_ci/ci4/system/Database/BaseConnection.php(421): CodeIgniter\Database\MySQLi\Connection->connect(false)
#2 /storage/emulated/0/htdocs/lab11_ci/ci4/system/Database/BaseConnection.php(620): CodeIgniter\Database\BaseConnection->initialize()
#3 /storage/emulated/0/htdocs/lab11_ci/ci4/system/Database/BaseBuilder.php(1649): CodeIgniter\Database\BaseConnection->query('SELECT *\nFROM `...', Array, false)
#4 /storage/emulated/0/htdocs/lab11_ci/ci4/system/Model.php(286): CodeIgniter\Database\BaseBuilder->get()
#5 /storage/emulated/0/htdocs/lab11_ci/ci4/system/BaseModel.php(675): CodeIgniter\Model->doFindAll(0, 0)
#6 /storage/emulated/0/htdocs/lab11_ci/ci4/app/Controllers/Artikel.php(12): CodeIgniter\BaseModel->findAll()
#7 /storage/emulated/0/htdocs/lab11_ci/ci4/system/CodeIgniter.php(933): App\Controllers\Artikel->index()
#8 /storage/emulated/0/htdocs/lab11_ci/ci4/system/CodeIgniter.php(507): CodeIgniter\CodeIgniter->runController(Object(App\Controllers\Artikel))
#9 /storage/emulated/0/htdocs/lab11_ci/ci4/system/CodeIgniter.php(354): CodeIgniter\CodeIgniter->handleRequest(NULL, Object(Config\Cache), false)
#10 /storage/emulated/0/htdocs/lab11_ci/ci4/system/Boot.php(334): CodeIgniter\CodeIgniter->run()
#11 /storage/emulated/0/htdocs/lab11_ci/ci4/system/Boot.php(67): CodeIgniter\Boot::runCodeIgniter(Object(CodeIgniter\CodeIgniter))
#12 /storage/emulated/0/htdocs/lab11_ci/ci4/public/index.php(56): CodeIgniter\Boot::bootWeb(Object(Config\Paths))
#13 /storage/emulated/0/htdocs/lab11_ci/ci4/system/rewrite.php(44): require_once('/storage/emulat...')
#14 {main}

Next CodeIgniter\Database\Exceptions\DatabaseException: No such file or directory in /storage/emulated/0/htdocs/lab11_ci/ci4/system/Database/MySQLi/Connection.php:246
Stack trace:
#0 /storage/emulated/0/htdocs/lab11_ci/ci4/system/Database/BaseConnection.php(421): CodeIgniter\Database\MySQLi\Connection->connect(false)
#1 /storage/emulated/0/htdocs/lab11_ci/ci4/system/Database/BaseConnection.php(620): CodeIgniter\Database\BaseConnection->initialize()
#2 /storage/emulated/0/htdocs/lab11_ci/ci4/system/Database/BaseBuilder.php(1649): CodeIgniter\Database\BaseConnection->query('SELECT *\nFROM `...', Array, false)
#3 /storage/emulated/0/htdocs/lab11_ci/ci4/system/Model.php(286): CodeIgniter\Database\BaseBuilder->get()
#4 /storage/emulated/0/htdocs/lab11_ci/ci4/system/BaseModel.php(675): CodeIgniter\Model->doFindAll(0, 0)
#5 /storage/emulated/0/htdocs/lab11_ci/ci4/app/Controllers/Artikel.php(12): CodeIgniter\BaseModel->findAll()
#6 /storage/emulated/0/htdocs/lab11_ci/ci4/system/CodeIgniter.php(933): App\Controllers\Artikel->index()
#7 /storage/emulated/0/htdocs/lab11_ci/ci4/system/CodeIgniter.php(507): CodeIgniter\CodeIgniter->runController(Object(App\Controllers\Artikel))
#8 /storage/emulated/0/htdocs/lab11_ci/ci4/system/CodeIgniter.php(354): CodeIgniter\CodeIgniter->handleRequest(NULL, Object(Config\Cache), false)
#9 /storage/emulated/0/htdocs/lab11_ci/ci4/system/Boot.php(334): CodeIgniter\CodeIgniter->run()
#10 /storage/emulated/0/htdocs/lab11_ci/ci4/system/Boot.php(67): CodeIgniter\Boot::runCodeIgniter(Object(CodeIgniter\CodeIgniter))
#11 /storage/emulated/0/htdocs/lab11_ci/ci4/public/index.php(56): CodeIgniter\Boot::bootWeb(Object(Config\Paths))
#12 /storage/emulated/0/htdocs/lab11_ci/ci4/system/rewrite.php(44): require_once('/storage/emulat...')
#13 {main}
CRITICAL - 2025-04-23 13:29:49 --> CodeIgniter\Database\Exceptions\DatabaseException: Unable to connect to the database.
Main connection [MySQLi]: No such file or directory
[Method: GET, Route: artikel]
in SYSTEMPATH/Database/BaseConnection.php on line 467.
 1 SYSTEMPATH/Database/BaseConnection.php(620): CodeIgniter\Database\BaseConnection->initialize()
 2 SYSTEMPATH/Database/BaseBuilder.php(1649): CodeIgniter\Database\BaseConnection->query('SELECT *
FROM `artikel`', [], false)
 3 SYSTEMPATH/Model.php(286): CodeIgniter\Database\BaseBuilder->get()
 4 SYSTEMPATH/BaseModel.php(675): CodeIgniter\Model->doFindAll(0, 0)
 5 APPPATH/Controllers/Artikel.php(12): CodeIgniter\BaseModel->findAll()
 6 SYSTEMPATH/CodeIgniter.php(933): App\Controllers\Artikel->index()
 7 SYSTEMPATH/CodeIgniter.php(507): CodeIgniter\CodeIgniter->runController(Object(App\Controllers\Artikel))
 8 SYSTEMPATH/CodeIgniter.php(354): CodeIgniter\CodeIgniter->handleRequest(null, Object(Config\Cache), false)
 9 SYSTEMPATH/Boot.php(334): CodeIgniter\CodeIgniter->run()
10 SYSTEMPATH/Boot.php(67): CodeIgniter\Boot::runCodeIgniter(Object(CodeIgniter\CodeIgniter))
11 FCPATH/index.php(56): CodeIgniter\Boot::bootWeb(Object(Config\Paths))
12 SYSTEMPATH/rewrite.php(44): require_once('/storage/emulated/0/htdocs/lab11_ci/ci4/public/index.php')
ERROR - 2025-04-23 13:34:13 --> Error connecting to the database: mysqli_sql_exception: No such file or directory in /storage/emulated/0/htdocs/lab11_ci/ci4/system/Database/MySQLi/Connection.php:201
Stack trace:
#0 /storage/emulated/0/htdocs/lab11_ci/ci4/system/Database/MySQLi/Connection.php(201): mysqli->real_connect('localhost', 'root', Object(SensitiveParameterValue), 'lab_ci4', 3306, '', 0)
#1 /storage/emulated/0/htdocs/lab11_ci/ci4/system/Database/BaseConnection.php(421): CodeIgniter\Database\MySQLi\Connection->connect(false)
#2 /storage/emulated/0/htdocs/lab11_ci/ci4/system/Database/BaseConnection.php(620): CodeIgniter\Database\BaseConnection->initialize()
#3 /storage/emulated/0/htdocs/lab11_ci/ci4/system/Database/BaseBuilder.php(1649): CodeIgniter\Database\BaseConnection->query('SELECT *\nFROM `...', Array, false)
#4 /storage/emulated/0/htdocs/lab11_ci/ci4/system/Model.php(286): CodeIgniter\Database\BaseBuilder->get()
#5 /storage/emulated/0/htdocs/lab11_ci/ci4/system/BaseModel.php(675): CodeIgniter\Model->doFindAll(0, 0)
#6 /storage/emulated/0/htdocs/lab11_ci/ci4/app/Controllers/Artikel.php(12): CodeIgniter\BaseModel->findAll()
#7 /storage/emulated/0/htdocs/lab11_ci/ci4/system/CodeIgniter.php(933): App\Controllers\Artikel->index()
#8 /storage/emulated/0/htdocs/lab11_ci/ci4/system/CodeIgniter.php(507): CodeIgniter\CodeIgniter->runController(Object(App\Controllers\Artikel))
#9 /storage/emulated/0/htdocs/lab11_ci/ci4/system/CodeIgniter.php(354): CodeIgniter\CodeIgniter->handleRequest(NULL, Object(Config\Cache), false)
#10 /storage/emulated/0/htdocs/lab11_ci/ci4/system/Boot.php(334): CodeIgniter\CodeIgniter->run()
#11 /storage/emulated/0/htdocs/lab11_ci/ci4/system/Boot.php(67): CodeIgniter\Boot::runCodeIgniter(Object(CodeIgniter\CodeIgniter))
#12 /storage/emulated/0/htdocs/lab11_ci/ci4/public/index.php(56): CodeIgniter\Boot::bootWeb(Object(Config\Paths))
#13 /storage/emulated/0/htdocs/lab11_ci/ci4/system/rewrite.php(44): require_once('/storage/emulat...')
#14 {main}

Next CodeIgniter\Database\Exceptions\DatabaseException: No such file or directory in /storage/emulated/0/htdocs/lab11_ci/ci4/system/Database/MySQLi/Connection.php:246
Stack trace:
#0 /storage/emulated/0/htdocs/lab11_ci/ci4/system/Database/BaseConnection.php(421): CodeIgniter\Database\MySQLi\Connection->connect(false)
#1 /storage/emulated/0/htdocs/lab11_ci/ci4/system/Database/BaseConnection.php(620): CodeIgniter\Database\BaseConnection->initialize()
#2 /storage/emulated/0/htdocs/lab11_ci/ci4/system/Database/BaseBuilder.php(1649): CodeIgniter\Database\BaseConnection->query('SELECT *\nFROM `...', Array, false)
#3 /storage/emulated/0/htdocs/lab11_ci/ci4/system/Model.php(286): CodeIgniter\Database\BaseBuilder->get()
#4 /storage/emulated/0/htdocs/lab11_ci/ci4/system/BaseModel.php(675): CodeIgniter\Model->doFindAll(0, 0)
#5 /storage/emulated/0/htdocs/lab11_ci/ci4/app/Controllers/Artikel.php(12): CodeIgniter\BaseModel->findAll()
#6 /storage/emulated/0/htdocs/lab11_ci/ci4/system/CodeIgniter.php(933): App\Controllers\Artikel->index()
#7 /storage/emulated/0/htdocs/lab11_ci/ci4/system/CodeIgniter.php(507): CodeIgniter\CodeIgniter->runController(Object(App\Controllers\Artikel))
#8 /storage/emulated/0/htdocs/lab11_ci/ci4/system/CodeIgniter.php(354): CodeIgniter\CodeIgniter->handleRequest(NULL, Object(Config\Cache), false)
#9 /storage/emulated/0/htdocs/lab11_ci/ci4/system/Boot.php(334): CodeIgniter\CodeIgniter->run()
#10 /storage/emulated/0/htdocs/lab11_ci/ci4/system/Boot.php(67): CodeIgniter\Boot::runCodeIgniter(Object(CodeIgniter\CodeIgniter))
#11 /storage/emulated/0/htdocs/lab11_ci/ci4/public/index.php(56): CodeIgniter\Boot::bootWeb(Object(Config\Paths))
#12 /storage/emulated/0/htdocs/lab11_ci/ci4/system/rewrite.php(44): require_once('/storage/emulat...')
#13 {main}
CRITICAL - 2025-04-23 13:34:13 --> CodeIgniter\Database\Exceptions\DatabaseException: Unable to connect to the database.
Main connection [MySQLi]: No such file or directory
[Method: GET, Route: artikel]
in SYSTEMPATH/Database/BaseConnection.php on line 467.
 1 SYSTEMPATH/Database/BaseConnection.php(620): CodeIgniter\Database\BaseConnection->initialize()
 2 SYSTEMPATH/Database/BaseBuilder.php(1649): CodeIgniter\Database\BaseConnection->query('SELECT *
FROM `artikel`', [], false)
 3 SYSTEMPATH/Model.php(286): CodeIgniter\Database\BaseBuilder->get()
 4 SYSTEMPATH/BaseModel.php(675): CodeIgniter\Model->doFindAll(0, 0)
 5 APPPATH/Controllers/Artikel.php(12): CodeIgniter\BaseModel->findAll()
 6 SYSTEMPATH/CodeIgniter.php(933): App\Controllers\Artikel->index()
 7 SYSTEMPATH/CodeIgniter.php(507): CodeIgniter\CodeIgniter->runController(Object(App\Controllers\Artikel))
 8 SYSTEMPATH/CodeIgniter.php(354): CodeIgniter\CodeIgniter->handleRequest(null, Object(Config\Cache), false)
 9 SYSTEMPATH/Boot.php(334): CodeIgniter\CodeIgniter->run()
10 SYSTEMPATH/Boot.php(67): CodeIgniter\Boot::runCodeIgniter(Object(CodeIgniter\CodeIgniter))
11 FCPATH/index.php(56): CodeIgniter\Boot::bootWeb(Object(Config\Paths))
12 SYSTEMPATH/rewrite.php(44): require_once('/storage/emulated/0/htdocs/lab11_ci/ci4/public/index.php')
ERROR - 2025-04-23 13:34:24 --> Error connecting to the database: mysqli_sql_exception: No such file or directory in /storage/emulated/0/htdocs/lab11_ci/ci4/system/Database/MySQLi/Connection.php:201
Stack trace:
#0 /storage/emulated/0/htdocs/lab11_ci/ci4/system/Database/MySQLi/Connection.php(201): mysqli->real_connect('localhost', 'root', Object(SensitiveParameterValue), 'lab_ci4', 3306, '', 0)
#1 /storage/emulated/0/htdocs/lab11_ci/ci4/system/Database/BaseConnection.php(421): CodeIgniter\Database\MySQLi\Connection->connect(false)
#2 /storage/emulated/0/htdocs/lab11_ci/ci4/system/Database/BaseConnection.php(620): CodeIgniter\Database\BaseConnection->initialize()
#3 /storage/emulated/0/htdocs/lab11_ci/ci4/system/Database/BaseBuilder.php(1649): CodeIgniter\Database\BaseConnection->query('SELECT *\nFROM `...', Array, false)
#4 /storage/emulated/0/htdocs/lab11_ci/ci4/system/Model.php(286): CodeIgniter\Database\BaseBuilder->get()
#5 /storage/emulated/0/htdocs/lab11_ci/ci4/system/BaseModel.php(675): CodeIgniter\Model->doFindAll(0, 0)
#6 /storage/emulated/0/htdocs/lab11_ci/ci4/app/Controllers/Artikel.php(12): CodeIgniter\BaseModel->findAll()
#7 /storage/emulated/0/htdocs/lab11_ci/ci4/system/CodeIgniter.php(933): App\Controllers\Artikel->index()
#8 /storage/emulated/0/htdocs/lab11_ci/ci4/system/CodeIgniter.php(507): CodeIgniter\CodeIgniter->runController(Object(App\Controllers\Artikel))
#9 /storage/emulated/0/htdocs/lab11_ci/ci4/system/CodeIgniter.php(354): CodeIgniter\CodeIgniter->handleRequest(NULL, Object(Config\Cache), false)
#10 /storage/emulated/0/htdocs/lab11_ci/ci4/system/Boot.php(334): CodeIgniter\CodeIgniter->run()
#11 /storage/emulated/0/htdocs/lab11_ci/ci4/system/Boot.php(67): CodeIgniter\Boot::runCodeIgniter(Object(CodeIgniter\CodeIgniter))
#12 /storage/emulated/0/htdocs/lab11_ci/ci4/public/index.php(56): CodeIgniter\Boot::bootWeb(Object(Config\Paths))
#13 /storage/emulated/0/htdocs/lab11_ci/ci4/system/rewrite.php(44): require_once('/storage/emulat...')
#14 {main}

Next CodeIgniter\Database\Exceptions\DatabaseException: No such file or directory in /storage/emulated/0/htdocs/lab11_ci/ci4/system/Database/MySQLi/Connection.php:246
Stack trace:
#0 /storage/emulated/0/htdocs/lab11_ci/ci4/system/Database/BaseConnection.php(421): CodeIgniter\Database\MySQLi\Connection->connect(false)
#1 /storage/emulated/0/htdocs/lab11_ci/ci4/system/Database/BaseConnection.php(620): CodeIgniter\Database\BaseConnection->initialize()
#2 /storage/emulated/0/htdocs/lab11_ci/ci4/system/Database/BaseBuilder.php(1649): CodeIgniter\Database\BaseConnection->query('SELECT *\nFROM `...', Array, false)
#3 /storage/emulated/0/htdocs/lab11_ci/ci4/system/Model.php(286): CodeIgniter\Database\BaseBuilder->get()
#4 /storage/emulated/0/htdocs/lab11_ci/ci4/system/BaseModel.php(675): CodeIgniter\Model->doFindAll(0, 0)
#5 /storage/emulated/0/htdocs/lab11_ci/ci4/app/Controllers/Artikel.php(12): CodeIgniter\BaseModel->findAll()
#6 /storage/emulated/0/htdocs/lab11_ci/ci4/system/CodeIgniter.php(933): App\Controllers\Artikel->index()
#7 /storage/emulated/0/htdocs/lab11_ci/ci4/system/CodeIgniter.php(507): CodeIgniter\CodeIgniter->runController(Object(App\Controllers\Artikel))
#8 /storage/emulated/0/htdocs/lab11_ci/ci4/system/CodeIgniter.php(354): CodeIgniter\CodeIgniter->handleRequest(NULL, Object(Config\Cache), false)
#9 /storage/emulated/0/htdocs/lab11_ci/ci4/system/Boot.php(334): CodeIgniter\CodeIgniter->run()
#10 /storage/emulated/0/htdocs/lab11_ci/ci4/system/Boot.php(67): CodeIgniter\Boot::runCodeIgniter(Object(CodeIgniter\CodeIgniter))
#11 /storage/emulated/0/htdocs/lab11_ci/ci4/public/index.php(56): CodeIgniter\Boot::bootWeb(Object(Config\Paths))
#12 /storage/emulated/0/htdocs/lab11_ci/ci4/system/rewrite.php(44): require_once('/storage/emulat...')
#13 {main}
CRITICAL - 2025-04-23 13:34:24 --> CodeIgniter\Database\Exceptions\DatabaseException: Unable to connect to the database.
Main connection [MySQLi]: No such file or directory
[Method: GET, Route: artikel]
in SYSTEMPATH/Database/BaseConnection.php on line 467.
 1 SYSTEMPATH/Database/BaseConnection.php(620): CodeIgniter\Database\BaseConnection->initialize()
 2 SYSTEMPATH/Database/BaseBuilder.php(1649): CodeIgniter\Database\BaseConnection->query('SELECT *
FROM `artikel`', [], false)
 3 SYSTEMPATH/Model.php(286): CodeIgniter\Database\BaseBuilder->get()
 4 SYSTEMPATH/BaseModel.php(675): CodeIgniter\Model->doFindAll(0, 0)
 5 APPPATH/Controllers/Artikel.php(12): CodeIgniter\BaseModel->findAll()
 6 SYSTEMPATH/CodeIgniter.php(933): App\Controllers\Artikel->index()
 7 SYSTEMPATH/CodeIgniter.php(507): CodeIgniter\CodeIgniter->runController(Object(App\Controllers\Artikel))
 8 SYSTEMPATH/CodeIgniter.php(354): CodeIgniter\CodeIgniter->handleRequest(null, Object(Config\Cache), false)
 9 SYSTEMPATH/Boot.php(334): CodeIgniter\CodeIgniter->run()
10 SYSTEMPATH/Boot.php(67): CodeIgniter\Boot::runCodeIgniter(Object(CodeIgniter\CodeIgniter))
11 FCPATH/index.php(56): CodeIgniter\Boot::bootWeb(Object(Config\Paths))
12 SYSTEMPATH/rewrite.php(44): require_once('/storage/emulated/0/htdocs/lab11_ci/ci4/public/index.php')
ERROR - 2025-04-23 13:35:12 --> Error connecting to the database: mysqli_sql_exception: No such file or directory in /storage/emulated/0/htdocs/lab11_ci/ci4/system/Database/MySQLi/Connection.php:201
Stack trace:
#0 /storage/emulated/0/htdocs/lab11_ci/ci4/system/Database/MySQLi/Connection.php(201): mysqli->real_connect('localhost', 'root', Object(SensitiveParameterValue), 'lab_ci4', 3306, '', 0)
#1 /storage/emulated/0/htdocs/lab11_ci/ci4/system/Database/BaseConnection.php(421): CodeIgniter\Database\MySQLi\Connection->connect(false)
#2 /storage/emulated/0/htdocs/lab11_ci/ci4/system/Database/BaseConnection.php(620): CodeIgniter\Database\BaseConnection->initialize()
#3 /storage/emulated/0/htdocs/lab11_ci/ci4/system/Database/BaseBuilder.php(1649): CodeIgniter\Database\BaseConnection->query('SELECT *\nFROM `...', Array, false)
#4 /storage/emulated/0/htdocs/lab11_ci/ci4/system/Model.php(286): CodeIgniter\Database\BaseBuilder->get()
#5 /storage/emulated/0/htdocs/lab11_ci/ci4/system/BaseModel.php(675): CodeIgniter\Model->doFindAll(0, 0)
#6 /storage/emulated/0/htdocs/lab11_ci/ci4/app/Controllers/Artikel.php(12): CodeIgniter\BaseModel->findAll()
#7 /storage/emulated/0/htdocs/lab11_ci/ci4/system/CodeIgniter.php(933): App\Controllers\Artikel->index()
#8 /storage/emulated/0/htdocs/lab11_ci/ci4/system/CodeIgniter.php(507): CodeIgniter\CodeIgniter->runController(Object(App\Controllers\Artikel))
#9 /storage/emulated/0/htdocs/lab11_ci/ci4/system/CodeIgniter.php(354): CodeIgniter\CodeIgniter->handleRequest(NULL, Object(Config\Cache), false)
#10 /storage/emulated/0/htdocs/lab11_ci/ci4/system/Boot.php(334): CodeIgniter\CodeIgniter->run()
#11 /storage/emulated/0/htdocs/lab11_ci/ci4/system/Boot.php(67): CodeIgniter\Boot::runCodeIgniter(Object(CodeIgniter\CodeIgniter))
#12 /storage/emulated/0/htdocs/lab11_ci/ci4/public/index.php(56): CodeIgniter\Boot::bootWeb(Object(Config\Paths))
#13 /storage/emulated/0/htdocs/lab11_ci/ci4/system/rewrite.php(44): require_once('/storage/emulat...')
#14 {main}

Next CodeIgniter\Database\Exceptions\DatabaseException: No such file or directory in /storage/emulated/0/htdocs/lab11_ci/ci4/system/Database/MySQLi/Connection.php:246
Stack trace:
#0 /storage/emulated/0/htdocs/lab11_ci/ci4/system/Database/BaseConnection.php(421): CodeIgniter\Database\MySQLi\Connection->connect(false)
#1 /storage/emulated/0/htdocs/lab11_ci/ci4/system/Database/BaseConnection.php(620): CodeIgniter\Database\BaseConnection->initialize()
#2 /storage/emulated/0/htdocs/lab11_ci/ci4/system/Database/BaseBuilder.php(1649): CodeIgniter\Database\BaseConnection->query('SELECT *\nFROM `...', Array, false)
#3 /storage/emulated/0/htdocs/lab11_ci/ci4/system/Model.php(286): CodeIgniter\Database\BaseBuilder->get()
#4 /storage/emulated/0/htdocs/lab11_ci/ci4/system/BaseModel.php(675): CodeIgniter\Model->doFindAll(0, 0)
#5 /storage/emulated/0/htdocs/lab11_ci/ci4/app/Controllers/Artikel.php(12): CodeIgniter\BaseModel->findAll()
#6 /storage/emulated/0/htdocs/lab11_ci/ci4/system/CodeIgniter.php(933): App\Controllers\Artikel->index()
#7 /storage/emulated/0/htdocs/lab11_ci/ci4/system/CodeIgniter.php(507): CodeIgniter\CodeIgniter->runController(Object(App\Controllers\Artikel))
#8 /storage/emulated/0/htdocs/lab11_ci/ci4/system/CodeIgniter.php(354): CodeIgniter\CodeIgniter->handleRequest(NULL, Object(Config\Cache), false)
#9 /storage/emulated/0/htdocs/lab11_ci/ci4/system/Boot.php(334): CodeIgniter\CodeIgniter->run()
#10 /storage/emulated/0/htdocs/lab11_ci/ci4/system/Boot.php(67): CodeIgniter\Boot::runCodeIgniter(Object(CodeIgniter\CodeIgniter))
#11 /storage/emulated/0/htdocs/lab11_ci/ci4/public/index.php(56): CodeIgniter\Boot::bootWeb(Object(Config\Paths))
#12 /storage/emulated/0/htdocs/lab11_ci/ci4/system/rewrite.php(44): require_once('/storage/emulat...')
#13 {main}
CRITICAL - 2025-04-23 13:35:12 --> CodeIgniter\Database\Exceptions\DatabaseException: Unable to connect to the database.
Main connection [MySQLi]: No such file or directory
[Method: GET, Route: artikel]
in SYSTEMPATH/Database/BaseConnection.php on line 467.
 1 SYSTEMPATH/Database/BaseConnection.php(620): CodeIgniter\Database\BaseConnection->initialize()
 2 SYSTEMPATH/Database/BaseBuilder.php(1649): CodeIgniter\Database\BaseConnection->query('SELECT *
FROM `artikel`', [], false)
 3 SYSTEMPATH/Model.php(286): CodeIgniter\Database\BaseBuilder->get()
 4 SYSTEMPATH/BaseModel.php(675): CodeIgniter\Model->doFindAll(0, 0)
 5 APPPATH/Controllers/Artikel.php(12): CodeIgniter\BaseModel->findAll()
 6 SYSTEMPATH/CodeIgniter.php(933): App\Controllers\Artikel->index()
 7 SYSTEMPATH/CodeIgniter.php(507): CodeIgniter\CodeIgniter->runController(Object(App\Controllers\Artikel))
 8 SYSTEMPATH/CodeIgniter.php(354): CodeIgniter\CodeIgniter->handleRequest(null, Object(Config\Cache), false)
 9 SYSTEMPATH/Boot.php(334): CodeIgniter\CodeIgniter->run()
10 SYSTEMPATH/Boot.php(67): CodeIgniter\Boot::runCodeIgniter(Object(CodeIgniter\CodeIgniter))
11 FCPATH/index.php(56): CodeIgniter\Boot::bootWeb(Object(Config\Paths))
12 SYSTEMPATH/rewrite.php(44): require_once('/storage/emulated/0/htdocs/lab11_ci/ci4/public/index.php')
ERROR - 2025-04-23 13:35:15 --> Error connecting to the database: mysqli_sql_exception: No such file or directory in /storage/emulated/0/htdocs/lab11_ci/ci4/system/Database/MySQLi/Connection.php:201
Stack trace:
#0 /storage/emulated/0/htdocs/lab11_ci/ci4/system/Database/MySQLi/Connection.php(201): mysqli->real_connect('localhost', 'root', Object(SensitiveParameterValue), 'lab_ci4', 3306, '', 0)
#1 /storage/emulated/0/htdocs/lab11_ci/ci4/system/Database/BaseConnection.php(421): CodeIgniter\Database\MySQLi\Connection->connect(false)
#2 /storage/emulated/0/htdocs/lab11_ci/ci4/system/Database/BaseConnection.php(620): CodeIgniter\Database\BaseConnection->initialize()
#3 /storage/emulated/0/htdocs/lab11_ci/ci4/system/Database/BaseBuilder.php(1649): CodeIgniter\Database\BaseConnection->query('SELECT *\nFROM `...', Array, false)
#4 /storage/emulated/0/htdocs/lab11_ci/ci4/system/Model.php(286): CodeIgniter\Database\BaseBuilder->get()
#5 /storage/emulated/0/htdocs/lab11_ci/ci4/system/BaseModel.php(675): CodeIgniter\Model->doFindAll(0, 0)
#6 /storage/emulated/0/htdocs/lab11_ci/ci4/app/Controllers/Artikel.php(12): CodeIgniter\BaseModel->findAll()
#7 /storage/emulated/0/htdocs/lab11_ci/ci4/system/CodeIgniter.php(933): App\Controllers\Artikel->index()
#8 /storage/emulated/0/htdocs/lab11_ci/ci4/system/CodeIgniter.php(507): CodeIgniter\CodeIgniter->runController(Object(App\Controllers\Artikel))
#9 /storage/emulated/0/htdocs/lab11_ci/ci4/system/CodeIgniter.php(354): CodeIgniter\CodeIgniter->handleRequest(NULL, Object(Config\Cache), false)
#10 /storage/emulated/0/htdocs/lab11_ci/ci4/system/Boot.php(334): CodeIgniter\CodeIgniter->run()
#11 /storage/emulated/0/htdocs/lab11_ci/ci4/system/Boot.php(67): CodeIgniter\Boot::runCodeIgniter(Object(CodeIgniter\CodeIgniter))
#12 /storage/emulated/0/htdocs/lab11_ci/ci4/public/index.php(56): CodeIgniter\Boot::bootWeb(Object(Config\Paths))
#13 /storage/emulated/0/htdocs/lab11_ci/ci4/system/rewrite.php(44): require_once('/storage/emulat...')
#14 {main}

Next CodeIgniter\Database\Exceptions\DatabaseException: No such file or directory in /storage/emulated/0/htdocs/lab11_ci/ci4/system/Database/MySQLi/Connection.php:246
Stack trace:
#0 /storage/emulated/0/htdocs/lab11_ci/ci4/system/Database/BaseConnection.php(421): CodeIgniter\Database\MySQLi\Connection->connect(false)
#1 /storage/emulated/0/htdocs/lab11_ci/ci4/system/Database/BaseConnection.php(620): CodeIgniter\Database\BaseConnection->initialize()
#2 /storage/emulated/0/htdocs/lab11_ci/ci4/system/Database/BaseBuilder.php(1649): CodeIgniter\Database\BaseConnection->query('SELECT *\nFROM `...', Array, false)
#3 /storage/emulated/0/htdocs/lab11_ci/ci4/system/Model.php(286): CodeIgniter\Database\BaseBuilder->get()
#4 /storage/emulated/0/htdocs/lab11_ci/ci4/system/BaseModel.php(675): CodeIgniter\Model->doFindAll(0, 0)
#5 /storage/emulated/0/htdocs/lab11_ci/ci4/app/Controllers/Artikel.php(12): CodeIgniter\BaseModel->findAll()
#6 /storage/emulated/0/htdocs/lab11_ci/ci4/system/CodeIgniter.php(933): App\Controllers\Artikel->index()
#7 /storage/emulated/0/htdocs/lab11_ci/ci4/system/CodeIgniter.php(507): CodeIgniter\CodeIgniter->runController(Object(App\Controllers\Artikel))
#8 /storage/emulated/0/htdocs/lab11_ci/ci4/system/CodeIgniter.php(354): CodeIgniter\CodeIgniter->handleRequest(NULL, Object(Config\Cache), false)
#9 /storage/emulated/0/htdocs/lab11_ci/ci4/system/Boot.php(334): CodeIgniter\CodeIgniter->run()
#10 /storage/emulated/0/htdocs/lab11_ci/ci4/system/Boot.php(67): CodeIgniter\Boot::runCodeIgniter(Object(CodeIgniter\CodeIgniter))
#11 /storage/emulated/0/htdocs/lab11_ci/ci4/public/index.php(56): CodeIgniter\Boot::bootWeb(Object(Config\Paths))
#12 /storage/emulated/0/htdocs/lab11_ci/ci4/system/rewrite.php(44): require_once('/storage/emulat...')
#13 {main}
CRITICAL - 2025-04-23 13:35:16 --> CodeIgniter\Database\Exceptions\DatabaseException: Unable to connect to the database.
Main connection [MySQLi]: No such file or directory
[Method: GET, Route: artikel]
in SYSTEMPATH/Database/BaseConnection.php on line 467.
 1 SYSTEMPATH/Database/BaseConnection.php(620): CodeIgniter\Database\BaseConnection->initialize()
 2 SYSTEMPATH/Database/BaseBuilder.php(1649): CodeIgniter\Database\BaseConnection->query('SELECT *
FROM `artikel`', [], false)
 3 SYSTEMPATH/Model.php(286): CodeIgniter\Database\BaseBuilder->get()
 4 SYSTEMPATH/BaseModel.php(675): CodeIgniter\Model->doFindAll(0, 0)
 5 APPPATH/Controllers/Artikel.php(12): CodeIgniter\BaseModel->findAll()
 6 SYSTEMPATH/CodeIgniter.php(933): App\Controllers\Artikel->index()
 7 SYSTEMPATH/CodeIgniter.php(507): CodeIgniter\CodeIgniter->runController(Object(App\Controllers\Artikel))
 8 SYSTEMPATH/CodeIgniter.php(354): CodeIgniter\CodeIgniter->handleRequest(null, Object(Config\Cache), false)
 9 SYSTEMPATH/Boot.php(334): CodeIgniter\CodeIgniter->run()
10 SYSTEMPATH/Boot.php(67): CodeIgniter\Boot::runCodeIgniter(Object(CodeIgniter\CodeIgniter))
11 FCPATH/index.php(56): CodeIgniter\Boot::bootWeb(Object(Config\Paths))
12 SYSTEMPATH/rewrite.php(44): require_once('/storage/emulated/0/htdocs/lab11_ci/ci4/public/index.php')
ERROR - 2025-04-23 13:46:13 --> Error connecting to the database: mysqli_sql_exception: No such file or directory in /storage/emulated/0/htdocs/lab11_ci/ci4/system/Database/MySQLi/Connection.php:201
Stack trace:
#0 /storage/emulated/0/htdocs/lab11_ci/ci4/system/Database/MySQLi/Connection.php(201): mysqli->real_connect('localhost', 'root', Object(SensitiveParameterValue), 'lab_ci4', 3306, '', 0)
#1 /storage/emulated/0/htdocs/lab11_ci/ci4/system/Database/BaseConnection.php(421): CodeIgniter\Database\MySQLi\Connection->connect(false)
#2 /storage/emulated/0/htdocs/lab11_ci/ci4/system/Database/BaseConnection.php(620): CodeIgniter\Database\BaseConnection->initialize()
#3 /storage/emulated/0/htdocs/lab11_ci/ci4/system/Database/BaseBuilder.php(1649): CodeIgniter\Database\BaseConnection->query('SELECT *\nFROM `...', Array, false)
#4 /storage/emulated/0/htdocs/lab11_ci/ci4/system/Model.php(286): CodeIgniter\Database\BaseBuilder->get()
#5 /storage/emulated/0/htdocs/lab11_ci/ci4/system/BaseModel.php(675): CodeIgniter\Model->doFindAll(0, 0)
#6 /storage/emulated/0/htdocs/lab11_ci/ci4/app/Controllers/Artikel.php(12): CodeIgniter\BaseModel->findAll()
#7 /storage/emulated/0/htdocs/lab11_ci/ci4/system/CodeIgniter.php(933): App\Controllers\Artikel->index()
#8 /storage/emulated/0/htdocs/lab11_ci/ci4/system/CodeIgniter.php(507): CodeIgniter\CodeIgniter->runController(Object(App\Controllers\Artikel))
#9 /storage/emulated/0/htdocs/lab11_ci/ci4/system/CodeIgniter.php(354): CodeIgniter\CodeIgniter->handleRequest(NULL, Object(Config\Cache), false)
#10 /storage/emulated/0/htdocs/lab11_ci/ci4/system/Boot.php(334): CodeIgniter\CodeIgniter->run()
#11 /storage/emulated/0/htdocs/lab11_ci/ci4/system/Boot.php(67): CodeIgniter\Boot::runCodeIgniter(Object(CodeIgniter\CodeIgniter))
#12 /storage/emulated/0/htdocs/lab11_ci/ci4/public/index.php(56): CodeIgniter\Boot::bootWeb(Object(Config\Paths))
#13 /storage/emulated/0/htdocs/lab11_ci/ci4/system/rewrite.php(44): require_once('/storage/emulat...')
#14 {main}

Next CodeIgniter\Database\Exceptions\DatabaseException: No such file or directory in /storage/emulated/0/htdocs/lab11_ci/ci4/system/Database/MySQLi/Connection.php:246
Stack trace:
#0 /storage/emulated/0/htdocs/lab11_ci/ci4/system/Database/BaseConnection.php(421): CodeIgniter\Database\MySQLi\Connection->connect(false)
#1 /storage/emulated/0/htdocs/lab11_ci/ci4/system/Database/BaseConnection.php(620): CodeIgniter\Database\BaseConnection->initialize()
#2 /storage/emulated/0/htdocs/lab11_ci/ci4/system/Database/BaseBuilder.php(1649): CodeIgniter\Database\BaseConnection->query('SELECT *\nFROM `...', Array, false)
#3 /storage/emulated/0/htdocs/lab11_ci/ci4/system/Model.php(286): CodeIgniter\Database\BaseBuilder->get()
#4 /storage/emulated/0/htdocs/lab11_ci/ci4/system/BaseModel.php(675): CodeIgniter\Model->doFindAll(0, 0)
#5 /storage/emulated/0/htdocs/lab11_ci/ci4/app/Controllers/Artikel.php(12): CodeIgniter\BaseModel->findAll()
#6 /storage/emulated/0/htdocs/lab11_ci/ci4/system/CodeIgniter.php(933): App\Controllers\Artikel->index()
#7 /storage/emulated/0/htdocs/lab11_ci/ci4/system/CodeIgniter.php(507): CodeIgniter\CodeIgniter->runController(Object(App\Controllers\Artikel))
#8 /storage/emulated/0/htdocs/lab11_ci/ci4/system/CodeIgniter.php(354): CodeIgniter\CodeIgniter->handleRequest(NULL, Object(Config\Cache), false)
#9 /storage/emulated/0/htdocs/lab11_ci/ci4/system/Boot.php(334): CodeIgniter\CodeIgniter->run()
#10 /storage/emulated/0/htdocs/lab11_ci/ci4/system/Boot.php(67): CodeIgniter\Boot::runCodeIgniter(Object(CodeIgniter\CodeIgniter))
#11 /storage/emulated/0/htdocs/lab11_ci/ci4/public/index.php(56): CodeIgniter\Boot::bootWeb(Object(Config\Paths))
#12 /storage/emulated/0/htdocs/lab11_ci/ci4/system/rewrite.php(44): require_once('/storage/emulat...')
#13 {main}
CRITICAL - 2025-04-23 13:46:13 --> CodeIgniter\Database\Exceptions\DatabaseException: Unable to connect to the database.
Main connection [MySQLi]: No such file or directory
[Method: GET, Route: artikel]
in SYSTEMPATH/Database/BaseConnection.php on line 467.
 1 SYSTEMPATH/Database/BaseConnection.php(620): CodeIgniter\Database\BaseConnection->initialize()
 2 SYSTEMPATH/Database/BaseBuilder.php(1649): CodeIgniter\Database\BaseConnection->query('SELECT *
FROM `artikel`', [], false)
 3 SYSTEMPATH/Model.php(286): CodeIgniter\Database\BaseBuilder->get()
 4 SYSTEMPATH/BaseModel.php(675): CodeIgniter\Model->doFindAll(0, 0)
 5 APPPATH/Controllers/Artikel.php(12): CodeIgniter\BaseModel->findAll()
 6 SYSTEMPATH/CodeIgniter.php(933): App\Controllers\Artikel->index()
 7 SYSTEMPATH/CodeIgniter.php(507): CodeIgniter\CodeIgniter->runController(Object(App\Controllers\Artikel))
 8 SYSTEMPATH/CodeIgniter.php(354): CodeIgniter\CodeIgniter->handleRequest(null, Object(Config\Cache), false)
 9 SYSTEMPATH/Boot.php(334): CodeIgniter\CodeIgniter->run()
10 SYSTEMPATH/Boot.php(67): CodeIgniter\Boot::runCodeIgniter(Object(CodeIgniter\CodeIgniter))
11 FCPATH/index.php(56): CodeIgniter\Boot::bootWeb(Object(Config\Paths))
12 SYSTEMPATH/rewrite.php(44): require_once('/storage/emulated/0/htdocs/lab11_ci/ci4/public/index.php')
ERROR - 2025-04-23 13:51:09 --> Error connecting to the database: mysqli_sql_exception: No such file or directory in /storage/emulated/0/htdocs/lab11_ci/ci4/system/Database/MySQLi/Connection.php:201
Stack trace:
#0 /storage/emulated/0/htdocs/lab11_ci/ci4/system/Database/MySQLi/Connection.php(201): mysqli->real_connect('localhost', 'root', Object(SensitiveParameterValue), 'lab_ci4', 3306, '', 0)
#1 /storage/emulated/0/htdocs/lab11_ci/ci4/system/Database/BaseConnection.php(421): CodeIgniter\Database\MySQLi\Connection->connect(false)
#2 /storage/emulated/0/htdocs/lab11_ci/ci4/system/Database/BaseConnection.php(620): CodeIgniter\Database\BaseConnection->initialize()
#3 /storage/emulated/0/htdocs/lab11_ci/ci4/system/Database/BaseBuilder.php(1649): CodeIgniter\Database\BaseConnection->query('SELECT *\nFROM `...', Array, false)
#4 /storage/emulated/0/htdocs/lab11_ci/ci4/system/Model.php(286): CodeIgniter\Database\BaseBuilder->get()
#5 /storage/emulated/0/htdocs/lab11_ci/ci4/system/BaseModel.php(675): CodeIgniter\Model->doFindAll(0, 0)
#6 /storage/emulated/0/htdocs/lab11_ci/ci4/app/Controllers/Artikel.php(12): CodeIgniter\BaseModel->findAll()
#7 /storage/emulated/0/htdocs/lab11_ci/ci4/system/CodeIgniter.php(933): App\Controllers\Artikel->index()
#8 /storage/emulated/0/htdocs/lab11_ci/ci4/system/CodeIgniter.php(507): CodeIgniter\CodeIgniter->runController(Object(App\Controllers\Artikel))
#9 /storage/emulated/0/htdocs/lab11_ci/ci4/system/CodeIgniter.php(354): CodeIgniter\CodeIgniter->handleRequest(NULL, Object(Config\Cache), false)
#10 /storage/emulated/0/htdocs/lab11_ci/ci4/system/Boot.php(334): CodeIgniter\CodeIgniter->run()
#11 /storage/emulated/0/htdocs/lab11_ci/ci4/system/Boot.php(67): CodeIgniter\Boot::runCodeIgniter(Object(CodeIgniter\CodeIgniter))
#12 /storage/emulated/0/htdocs/lab11_ci/ci4/public/index.php(56): CodeIgniter\Boot::bootWeb(Object(Config\Paths))
#13 /storage/emulated/0/htdocs/lab11_ci/ci4/system/rewrite.php(44): require_once('/storage/emulat...')
#14 {main}

Next CodeIgniter\Database\Exceptions\DatabaseException: No such file or directory in /storage/emulated/0/htdocs/lab11_ci/ci4/system/Database/MySQLi/Connection.php:246
Stack trace:
#0 /storage/emulated/0/htdocs/lab11_ci/ci4/system/Database/BaseConnection.php(421): CodeIgniter\Database\MySQLi\Connection->connect(false)
#1 /storage/emulated/0/htdocs/lab11_ci/ci4/system/Database/BaseConnection.php(620): CodeIgniter\Database\BaseConnection->initialize()
#2 /storage/emulated/0/htdocs/lab11_ci/ci4/system/Database/BaseBuilder.php(1649): CodeIgniter\Database\BaseConnection->query('SELECT *\nFROM `...', Array, false)
#3 /storage/emulated/0/htdocs/lab11_ci/ci4/system/Model.php(286): CodeIgniter\Database\BaseBuilder->get()
#4 /storage/emulated/0/htdocs/lab11_ci/ci4/system/BaseModel.php(675): CodeIgniter\Model->doFindAll(0, 0)
#5 /storage/emulated/0/htdocs/lab11_ci/ci4/app/Controllers/Artikel.php(12): CodeIgniter\BaseModel->findAll()
#6 /storage/emulated/0/htdocs/lab11_ci/ci4/system/CodeIgniter.php(933): App\Controllers\Artikel->index()
#7 /storage/emulated/0/htdocs/lab11_ci/ci4/system/CodeIgniter.php(507): CodeIgniter\CodeIgniter->runController(Object(App\Controllers\Artikel))
#8 /storage/emulated/0/htdocs/lab11_ci/ci4/system/CodeIgniter.php(354): CodeIgniter\CodeIgniter->handleRequest(NULL, Object(Config\Cache), false)
#9 /storage/emulated/0/htdocs/lab11_ci/ci4/system/Boot.php(334): CodeIgniter\CodeIgniter->run()
#10 /storage/emulated/0/htdocs/lab11_ci/ci4/system/Boot.php(67): CodeIgniter\Boot::runCodeIgniter(Object(CodeIgniter\CodeIgniter))
#11 /storage/emulated/0/htdocs/lab11_ci/ci4/public/index.php(56): CodeIgniter\Boot::bootWeb(Object(Config\Paths))
#12 /storage/emulated/0/htdocs/lab11_ci/ci4/system/rewrite.php(44): require_once('/storage/emulat...')
#13 {main}
CRITICAL - 2025-04-23 13:51:09 --> CodeIgniter\Database\Exceptions\DatabaseException: Unable to connect to the database.
Main connection [MySQLi]: No such file or directory
[Method: GET, Route: artikel]
in SYSTEMPATH/Database/BaseConnection.php on line 467.
 1 SYSTEMPATH/Database/BaseConnection.php(620): CodeIgniter\Database\BaseConnection->initialize()
 2 SYSTEMPATH/Database/BaseBuilder.php(1649): CodeIgniter\Database\BaseConnection->query('SELECT *
FROM `artikel`', [], false)
 3 SYSTEMPATH/Model.php(286): CodeIgniter\Database\BaseBuilder->get()
 4 SYSTEMPATH/BaseModel.php(675): CodeIgniter\Model->doFindAll(0, 0)
 5 APPPATH/Controllers/Artikel.php(12): CodeIgniter\BaseModel->findAll()
 6 SYSTEMPATH/CodeIgniter.php(933): App\Controllers\Artikel->index()
 7 SYSTEMPATH/CodeIgniter.php(507): CodeIgniter\CodeIgniter->runController(Object(App\Controllers\Artikel))
 8 SYSTEMPATH/CodeIgniter.php(354): CodeIgniter\CodeIgniter->handleRequest(null, Object(Config\Cache), false)
 9 SYSTEMPATH/Boot.php(334): CodeIgniter\CodeIgniter->run()
10 SYSTEMPATH/Boot.php(67): CodeIgniter\Boot::runCodeIgniter(Object(CodeIgniter\CodeIgniter))
11 FCPATH/index.php(56): CodeIgniter\Boot::bootWeb(Object(Config\Paths))
12 SYSTEMPATH/rewrite.php(44): require_once('/storage/emulated/0/htdocs/lab11_ci/ci4/public/index.php')
ERROR - 2025-04-23 15:26:00 --> Error connecting to the database: mysqli_sql_exception: Access denied for user 'root'@'localhost' in /home/nao/Documents/ci4/ci4/system/Database/MySQLi/Connection.php:201
Stack trace:
#0 /home/nao/Documents/ci4/ci4/system/Database/MySQLi/Connection.php(201): mysqli->real_connect()
#1 /home/nao/Documents/ci4/ci4/system/Database/BaseConnection.php(421): CodeIgniter\Database\MySQLi\Connection->connect()
#2 /home/nao/Documents/ci4/ci4/system/Database/BaseConnection.php(620): CodeIgniter\Database\BaseConnection->initialize()
#3 /home/nao/Documents/ci4/ci4/system/Database/BaseBuilder.php(1649): CodeIgniter\Database\BaseConnection->query()
#4 /home/nao/Documents/ci4/ci4/system/Model.php(286): CodeIgniter\Database\BaseBuilder->get()
#5 /home/nao/Documents/ci4/ci4/system/BaseModel.php(675): CodeIgniter\Model->doFindAll()
#6 /home/nao/Documents/ci4/ci4/app/Controllers/Artikel.php(12): CodeIgniter\BaseModel->findAll()
#7 /home/nao/Documents/ci4/ci4/system/CodeIgniter.php(933): App\Controllers\Artikel->index()
#8 /home/nao/Documents/ci4/ci4/system/CodeIgniter.php(507): CodeIgniter\CodeIgniter->runController()
#9 /home/nao/Documents/ci4/ci4/system/CodeIgniter.php(354): CodeIgniter\CodeIgniter->handleRequest()
#10 /home/nao/Documents/ci4/ci4/system/Boot.php(334): CodeIgniter\CodeIgniter->run()
#11 /home/nao/Documents/ci4/ci4/system/Boot.php(67): CodeIgniter\Boot::runCodeIgniter()
#12 /home/nao/Documents/ci4/ci4/public/index.php(56): CodeIgniter\Boot::bootWeb()
#13 /home/nao/Documents/ci4/ci4/system/rewrite.php(44): require_once('...')
#14 {main}

Next CodeIgniter\Database\Exceptions\DatabaseException: Access denied for user '****'@'localhost' in /home/nao/Documents/ci4/ci4/system/Database/MySQLi/Connection.php:246
Stack trace:
#0 /home/nao/Documents/ci4/ci4/system/Database/BaseConnection.php(421): CodeIgniter\Database\MySQLi\Connection->connect()
#1 /home/nao/Documents/ci4/ci4/system/Database/BaseConnection.php(620): CodeIgniter\Database\BaseConnection->initialize()
#2 /home/nao/Documents/ci4/ci4/system/Database/BaseBuilder.php(1649): CodeIgniter\Database\BaseConnection->query()
#3 /home/nao/Documents/ci4/ci4/system/Model.php(286): CodeIgniter\Database\BaseBuilder->get()
#4 /home/nao/Documents/ci4/ci4/system/BaseModel.php(675): CodeIgniter\Model->doFindAll()
#5 /home/nao/Documents/ci4/ci4/app/Controllers/Artikel.php(12): CodeIgniter\BaseModel->findAll()
#6 /home/nao/Documents/ci4/ci4/system/CodeIgniter.php(933): App\Controllers\Artikel->index()
#7 /home/nao/Documents/ci4/ci4/system/CodeIgniter.php(507): CodeIgniter\CodeIgniter->runController()
#8 /home/nao/Documents/ci4/ci4/system/CodeIgniter.php(354): CodeIgniter\CodeIgniter->handleRequest()
#9 /home/nao/Documents/ci4/ci4/system/Boot.php(334): CodeIgniter\CodeIgniter->run()
#10 /home/nao/Documents/ci4/ci4/system/Boot.php(67): CodeIgniter\Boot::runCodeIgniter()
#11 /home/nao/Documents/ci4/ci4/public/index.php(56): CodeIgniter\Boot::bootWeb()
#12 /home/nao/Documents/ci4/ci4/system/rewrite.php(44): require_once('...')
#13 {main}
CRITICAL - 2025-04-23 15:26:00 --> CodeIgniter\Database\Exceptions\DatabaseException: Unable to connect to the database.
Main connection [MySQLi]: Access denied for user '****'@'localhost'
[Method: GET, Route: artikel]
in SYSTEMPATH/Database/BaseConnection.php on line 467.
 1 SYSTEMPATH/Database/BaseConnection.php(620): CodeIgniter\Database\BaseConnection->initialize()
 2 SYSTEMPATH/Database/BaseBuilder.php(1649): CodeIgniter\Database\BaseConnection->query()
 3 SYSTEMPATH/Model.php(286): CodeIgniter\Database\BaseBuilder->get()
 4 SYSTEMPATH/BaseModel.php(675): CodeIgniter\Model->doFindAll()
 5 APPPATH/Controllers/Artikel.php(12): CodeIgniter\BaseModel->findAll()
 6 SYSTEMPATH/CodeIgniter.php(933): App\Controllers\Artikel->index()
 7 SYSTEMPATH/CodeIgniter.php(507): CodeIgniter\CodeIgniter->runController()
 8 SYSTEMPATH/CodeIgniter.php(354): CodeIgniter\CodeIgniter->handleRequest()
 9 SYSTEMPATH/Boot.php(334): CodeIgniter\CodeIgniter->run()
10 SYSTEMPATH/Boot.php(67): CodeIgniter\Boot::runCodeIgniter()
11 FCPATH/index.php(56): CodeIgniter\Boot::bootWeb()
12 SYSTEMPATH/rewrite.php(44): require_once('/home/nao/Documents/ci4/ci4/public/index.php')
ERROR - 2025-04-23 15:52:08 --> Error connecting to the database: mysqli_sql_exception: Access denied for user 'root'@'localhost' in /home/nao/Documents/ci4/ci4/system/Database/MySQLi/Connection.php:201
Stack trace:
#0 /home/nao/Documents/ci4/ci4/system/Database/MySQLi/Connection.php(201): mysqli->real_connect()
#1 /home/nao/Documents/ci4/ci4/system/Database/BaseConnection.php(421): CodeIgniter\Database\MySQLi\Connection->connect()
#2 /home/nao/Documents/ci4/ci4/system/Database/BaseConnection.php(620): CodeIgniter\Database\BaseConnection->initialize()
#3 /home/nao/Documents/ci4/ci4/system/Database/BaseBuilder.php(1649): CodeIgniter\Database\BaseConnection->query()
#4 /home/nao/Documents/ci4/ci4/system/Model.php(286): CodeIgniter\Database\BaseBuilder->get()
#5 /home/nao/Documents/ci4/ci4/system/BaseModel.php(675): CodeIgniter\Model->doFindAll()
#6 /home/nao/Documents/ci4/ci4/app/Controllers/Artikel.php(12): CodeIgniter\BaseModel->findAll()
#7 /home/nao/Documents/ci4/ci4/system/CodeIgniter.php(933): App\Controllers\Artikel->index()
#8 /home/nao/Documents/ci4/ci4/system/CodeIgniter.php(507): CodeIgniter\CodeIgniter->runController()
#9 /home/nao/Documents/ci4/ci4/system/CodeIgniter.php(354): CodeIgniter\CodeIgniter->handleRequest()
#10 /home/nao/Documents/ci4/ci4/system/Boot.php(334): CodeIgniter\CodeIgniter->run()
#11 /home/nao/Documents/ci4/ci4/system/Boot.php(67): CodeIgniter\Boot::runCodeIgniter()
#12 /home/nao/Documents/ci4/ci4/public/index.php(56): CodeIgniter\Boot::bootWeb()
#13 /home/nao/Documents/ci4/ci4/system/rewrite.php(44): require_once('...')
#14 {main}

Next CodeIgniter\Database\Exceptions\DatabaseException: Access denied for user '****'@'localhost' in /home/nao/Documents/ci4/ci4/system/Database/MySQLi/Connection.php:246
Stack trace:
#0 /home/nao/Documents/ci4/ci4/system/Database/BaseConnection.php(421): CodeIgniter\Database\MySQLi\Connection->connect()
#1 /home/nao/Documents/ci4/ci4/system/Database/BaseConnection.php(620): CodeIgniter\Database\BaseConnection->initialize()
#2 /home/nao/Documents/ci4/ci4/system/Database/BaseBuilder.php(1649): CodeIgniter\Database\BaseConnection->query()
#3 /home/nao/Documents/ci4/ci4/system/Model.php(286): CodeIgniter\Database\BaseBuilder->get()
#4 /home/nao/Documents/ci4/ci4/system/BaseModel.php(675): CodeIgniter\Model->doFindAll()
#5 /home/nao/Documents/ci4/ci4/app/Controllers/Artikel.php(12): CodeIgniter\BaseModel->findAll()
#6 /home/nao/Documents/ci4/ci4/system/CodeIgniter.php(933): App\Controllers\Artikel->index()
#7 /home/nao/Documents/ci4/ci4/system/CodeIgniter.php(507): CodeIgniter\CodeIgniter->runController()
#8 /home/nao/Documents/ci4/ci4/system/CodeIgniter.php(354): CodeIgniter\CodeIgniter->handleRequest()
#9 /home/nao/Documents/ci4/ci4/system/Boot.php(334): CodeIgniter\CodeIgniter->run()
#10 /home/nao/Documents/ci4/ci4/system/Boot.php(67): CodeIgniter\Boot::runCodeIgniter()
#11 /home/nao/Documents/ci4/ci4/public/index.php(56): CodeIgniter\Boot::bootWeb()
#12 /home/nao/Documents/ci4/ci4/system/rewrite.php(44): require_once('...')
#13 {main}
CRITICAL - 2025-04-23 15:52:08 --> CodeIgniter\Database\Exceptions\DatabaseException: Unable to connect to the database.
Main connection [MySQLi]: Access denied for user '****'@'localhost'
[Method: GET, Route: artikel]
in SYSTEMPATH/Database/BaseConnection.php on line 467.
 1 SYSTEMPATH/Database/BaseConnection.php(620): CodeIgniter\Database\BaseConnection->initialize()
 2 SYSTEMPATH/Database/BaseBuilder.php(1649): CodeIgniter\Database\BaseConnection->query()
 3 SYSTEMPATH/Model.php(286): CodeIgniter\Database\BaseBuilder->get()
 4 SYSTEMPATH/BaseModel.php(675): CodeIgniter\Model->doFindAll()
 5 APPPATH/Controllers/Artikel.php(12): CodeIgniter\BaseModel->findAll()
 6 SYSTEMPATH/CodeIgniter.php(933): App\Controllers\Artikel->index()
 7 SYSTEMPATH/CodeIgniter.php(507): CodeIgniter\CodeIgniter->runController()
 8 SYSTEMPATH/CodeIgniter.php(354): CodeIgniter\CodeIgniter->handleRequest()
 9 SYSTEMPATH/Boot.php(334): CodeIgniter\CodeIgniter->run()
10 SYSTEMPATH/Boot.php(67): CodeIgniter\Boot::runCodeIgniter()
11 FCPATH/index.php(56): CodeIgniter\Boot::bootWeb()
12 SYSTEMPATH/rewrite.php(44): require_once('/home/nao/Documents/ci4/ci4/public/index.php')
