CRITICAL - 2025-04-16 15:21:30 --> ParseError: syntax error, unexpected token "public", expecting end of file
[Method: GET, Route: page/tos]
in APPPATH/Controllers/Page.php on line 22.
 1 SYSTEMPATH/Autoloader/Autoloader.php(295): CodeIgniter\Autoloader\Autoloader->includeFile('/storage/emulated/0/htdocs/lab11_ci/ci4/app/Controllers/Page.php')
 2 SYSTEMPATH/Autoloader/Autoloader.php(271): CodeIgniter\Autoloader\Autoloader->loadInNamespace('App\\Controllers\\Page')
 3 [internal function]: CodeIgniter\Autoloader\Autoloader->loadClass('App\\Controllers\\Page')
 4 SYSTEMPATH/Router/AutoRouterImproved.php(174): class_exists('\\App\\Controllers\\Page')
 5 SYSTEMPATH/Router/AutoRouterImproved.php(282): CodeIgniter\Router\AutoRouterImproved->searchFirstController()
 6 SYSTEMPATH/Router/Router.php(565): CodeIgniter\Router\AutoRouterImproved->getRoute('page/tos', 'get')
 7 SYSTEMPATH/Router/Router.php(231): CodeIgniter\Router\Router->autoRoute('page/tos')
 8 SYSTEMPATH/CodeIgniter.php(832): CodeIgniter\Router\Router->handle('page/tos')
 9 SYSTEMPATH/CodeIgniter.php(455): CodeIgniter\CodeIgniter->tryToRouteIt(Object(CodeIgniter\Router\RouteCollection))
10 SYSTEMPATH/CodeIgniter.php(354): CodeIgniter\CodeIgniter->handleRequest(null, Object(Config\Cache), false)
11 SYSTEMPATH/Boot.php(334): CodeIgniter\CodeIgniter->run()
12 SYSTEMPATH/Boot.php(67): CodeIgniter\Boot::runCodeIgniter(Object(CodeIgniter\CodeIgniter))
13 FCPATH/index.php(56): CodeIgniter\Boot::bootWeb(Object(Config\Paths))
14 SYSTEMPATH/rewrite.php(44): require_once('/storage/emulated/0/htdocs/lab11_ci/ci4/public/index.php')
CRITICAL - 2025-04-16 15:27:21 --> ParseError: syntax error, unexpected token "public", expecting end of file
[Method: GET, Route: page/tos]
in APPPATH/Controllers/Page.php on line 22.
 1 SYSTEMPATH/Autoloader/Autoloader.php(295): CodeIgniter\Autoloader\Autoloader->includeFile('/storage/emulated/0/htdocs/lab11_ci/ci4/app/Controllers/Page.php')
 2 SYSTEMPATH/Autoloader/Autoloader.php(271): CodeIgniter\Autoloader\Autoloader->loadInNamespace('App\\Controllers\\Page')
 3 [internal function]: CodeIgniter\Autoloader\Autoloader->loadClass('App\\Controllers\\Page')
 4 SYSTEMPATH/Router/AutoRouterImproved.php(174): class_exists('\\App\\Controllers\\Page')
 5 SYSTEMPATH/Router/AutoRouterImproved.php(282): CodeIgniter\Router\AutoRouterImproved->searchFirstController()
 6 SYSTEMPATH/Router/Router.php(565): CodeIgniter\Router\AutoRouterImproved->getRoute('page/tos', 'get')
 7 SYSTEMPATH/Router/Router.php(231): CodeIgniter\Router\Router->autoRoute('page/tos')
 8 SYSTEMPATH/CodeIgniter.php(832): CodeIgniter\Router\Router->handle('page/tos')
 9 SYSTEMPATH/CodeIgniter.php(455): CodeIgniter\CodeIgniter->tryToRouteIt(Object(CodeIgniter\Router\RouteCollection))
10 SYSTEMPATH/CodeIgniter.php(354): CodeIgniter\CodeIgniter->handleRequest(null, Object(Config\Cache), false)
11 SYSTEMPATH/Boot.php(334): CodeIgniter\CodeIgniter->run()
12 SYSTEMPATH/Boot.php(67): CodeIgniter\Boot::runCodeIgniter(Object(CodeIgniter\CodeIgniter))
13 FCPATH/index.php(56): CodeIgniter\Boot::bootWeb(Object(Config\Paths))
14 SYSTEMPATH/rewrite.php(44): require_once('/storage/emulated/0/htdocs/lab11_ci/ci4/public/index.php')
CRITICAL - 2025-04-16 18:10:13 --> CodeIgniter\HTTP\Exceptions\BadRequestException: The URI you submitted has disallowed characters: "url('https:"
[Method: GET, Route: url%28%27https:/fonts.googleapis.com/css2]
in SYSTEMPATH/Router/Router.php on line 739.
 1 SYSTEMPATH/Router/Router.php(207): CodeIgniter\Router\Router->checkDisallowedChars('url(\'https:/fonts.googleapis.com/css2')
 2 SYSTEMPATH/CodeIgniter.php(832): CodeIgniter\Router\Router->handle('url(\'https:/fonts.googleapis.com/css2')
 3 SYSTEMPATH/CodeIgniter.php(455): CodeIgniter\CodeIgniter->tryToRouteIt(Object(CodeIgniter\Router\RouteCollection))
 4 SYSTEMPATH/CodeIgniter.php(354): CodeIgniter\CodeIgniter->handleRequest(null, Object(Config\Cache), false)
 5 SYSTEMPATH/Boot.php(334): CodeIgniter\CodeIgniter->run()
 6 SYSTEMPATH/Boot.php(67): CodeIgniter\Boot::runCodeIgniter(Object(CodeIgniter\CodeIgniter))
 7 FCPATH/index.php(56): CodeIgniter\Boot::bootWeb(Object(Config\Paths))
 8 SYSTEMPATH/rewrite.php(44): require_once('/storage/emulated/0/htdocs/lab11_ci/ci4/public/index.php')
CRITICAL - 2025-04-16 18:10:20 --> CodeIgniter\HTTP\Exceptions\BadRequestException: The URI you submitted has disallowed characters: "url('https:"
[Method: GET, Route: url%28%27https:/fonts.googleapis.com/css2]
in SYSTEMPATH/Router/Router.php on line 739.
 1 SYSTEMPATH/Router/Router.php(207): CodeIgniter\Router\Router->checkDisallowedChars('url(\'https:/fonts.googleapis.com/css2')
 2 SYSTEMPATH/CodeIgniter.php(832): CodeIgniter\Router\Router->handle('url(\'https:/fonts.googleapis.com/css2')
 3 SYSTEMPATH/CodeIgniter.php(455): CodeIgniter\CodeIgniter->tryToRouteIt(Object(CodeIgniter\Router\RouteCollection))
 4 SYSTEMPATH/CodeIgniter.php(354): CodeIgniter\CodeIgniter->handleRequest(null, Object(Config\Cache), false)
 5 SYSTEMPATH/Boot.php(334): CodeIgniter\CodeIgniter->run()
 6 SYSTEMPATH/Boot.php(67): CodeIgniter\Boot::runCodeIgniter(Object(CodeIgniter\CodeIgniter))
 7 FCPATH/index.php(56): CodeIgniter\Boot::bootWeb(Object(Config\Paths))
 8 SYSTEMPATH/rewrite.php(44): require_once('/storage/emulated/0/htdocs/lab11_ci/ci4/public/index.php')
CRITICAL - 2025-04-16 18:10:22 --> CodeIgniter\HTTP\Exceptions\BadRequestException: The URI you submitted has disallowed characters: "url('https:"
[Method: GET, Route: url%28%27https:/fonts.googleapis.com/css2]
in SYSTEMPATH/Router/Router.php on line 739.
 1 SYSTEMPATH/Router/Router.php(207): CodeIgniter\Router\Router->checkDisallowedChars('url(\'https:/fonts.googleapis.com/css2')
 2 SYSTEMPATH/CodeIgniter.php(832): CodeIgniter\Router\Router->handle('url(\'https:/fonts.googleapis.com/css2')
 3 SYSTEMPATH/CodeIgniter.php(455): CodeIgniter\CodeIgniter->tryToRouteIt(Object(CodeIgniter\Router\RouteCollection))
 4 SYSTEMPATH/CodeIgniter.php(354): CodeIgniter\CodeIgniter->handleRequest(null, Object(Config\Cache), false)
 5 SYSTEMPATH/Boot.php(334): CodeIgniter\CodeIgniter->run()
 6 SYSTEMPATH/Boot.php(67): CodeIgniter\Boot::runCodeIgniter(Object(CodeIgniter\CodeIgniter))
 7 FCPATH/index.php(56): CodeIgniter\Boot::bootWeb(Object(Config\Paths))
 8 SYSTEMPATH/rewrite.php(44): require_once('/storage/emulated/0/htdocs/lab11_ci/ci4/public/index.php')
CRITICAL - 2025-04-16 18:10:30 --> CodeIgniter\HTTP\Exceptions\BadRequestException: The URI you submitted has disallowed characters: "url('https:"
[Method: GET, Route: url%28%27https:/fonts.googleapis.com/css2]
in SYSTEMPATH/Router/Router.php on line 739.
 1 SYSTEMPATH/Router/Router.php(207): CodeIgniter\Router\Router->checkDisallowedChars('url(\'https:/fonts.googleapis.com/css2')
 2 SYSTEMPATH/CodeIgniter.php(832): CodeIgniter\Router\Router->handle('url(\'https:/fonts.googleapis.com/css2')
 3 SYSTEMPATH/CodeIgniter.php(455): CodeIgniter\CodeIgniter->tryToRouteIt(Object(CodeIgniter\Router\RouteCollection))
 4 SYSTEMPATH/CodeIgniter.php(354): CodeIgniter\CodeIgniter->handleRequest(null, Object(Config\Cache), false)
 5 SYSTEMPATH/Boot.php(334): CodeIgniter\CodeIgniter->run()
 6 SYSTEMPATH/Boot.php(67): CodeIgniter\Boot::runCodeIgniter(Object(CodeIgniter\CodeIgniter))
 7 FCPATH/index.php(56): CodeIgniter\Boot::bootWeb(Object(Config\Paths))
 8 SYSTEMPATH/rewrite.php(44): require_once('/storage/emulated/0/htdocs/lab11_ci/ci4/public/index.php')
CRITICAL - 2025-04-16 18:10:32 --> CodeIgniter\HTTP\Exceptions\BadRequestException: The URI you submitted has disallowed characters: "url('https:"
[Method: GET, Route: url%28%27https:/fonts.googleapis.com/css2]
in SYSTEMPATH/Router/Router.php on line 739.
 1 SYSTEMPATH/Router/Router.php(207): CodeIgniter\Router\Router->checkDisallowedChars('url(\'https:/fonts.googleapis.com/css2')
 2 SYSTEMPATH/CodeIgniter.php(832): CodeIgniter\Router\Router->handle('url(\'https:/fonts.googleapis.com/css2')
 3 SYSTEMPATH/CodeIgniter.php(455): CodeIgniter\CodeIgniter->tryToRouteIt(Object(CodeIgniter\Router\RouteCollection))
 4 SYSTEMPATH/CodeIgniter.php(354): CodeIgniter\CodeIgniter->handleRequest(null, Object(Config\Cache), false)
 5 SYSTEMPATH/Boot.php(334): CodeIgniter\CodeIgniter->run()
 6 SYSTEMPATH/Boot.php(67): CodeIgniter\Boot::runCodeIgniter(Object(CodeIgniter\CodeIgniter))
 7 FCPATH/index.php(56): CodeIgniter\Boot::bootWeb(Object(Config\Paths))
 8 SYSTEMPATH/rewrite.php(44): require_once('/storage/emulated/0/htdocs/lab11_ci/ci4/public/index.php')
CRITICAL - 2025-04-16 18:10:56 --> CodeIgniter\HTTP\Exceptions\BadRequestException: The URI you submitted has disallowed characters: "url('https:"
[Method: GET, Route: url%28%27https:/fonts.googleapis.com/css2]
in SYSTEMPATH/Router/Router.php on line 739.
 1 SYSTEMPATH/Router/Router.php(207): CodeIgniter\Router\Router->checkDisallowedChars('url(\'https:/fonts.googleapis.com/css2')
 2 SYSTEMPATH/CodeIgniter.php(832): CodeIgniter\Router\Router->handle('url(\'https:/fonts.googleapis.com/css2')
 3 SYSTEMPATH/CodeIgniter.php(455): CodeIgniter\CodeIgniter->tryToRouteIt(Object(CodeIgniter\Router\RouteCollection))
 4 SYSTEMPATH/CodeIgniter.php(354): CodeIgniter\CodeIgniter->handleRequest(null, Object(Config\Cache), false)
 5 SYSTEMPATH/Boot.php(334): CodeIgniter\CodeIgniter->run()
 6 SYSTEMPATH/Boot.php(67): CodeIgniter\Boot::runCodeIgniter(Object(CodeIgniter\CodeIgniter))
 7 FCPATH/index.php(56): CodeIgniter\Boot::bootWeb(Object(Config\Paths))
 8 SYSTEMPATH/rewrite.php(44): require_once('/storage/emulated/0/htdocs/lab11_ci/ci4/public/index.php')
CRITICAL - 2025-04-16 18:14:11 --> CodeIgniter\HTTP\Exceptions\BadRequestException: The URI you submitted has disallowed characters: "url('https:"
[Method: GET, Route: url%28%27https:/fonts.googleapis.com/css2]
in SYSTEMPATH/Router/Router.php on line 739.
 1 SYSTEMPATH/Router/Router.php(207): CodeIgniter\Router\Router->checkDisallowedChars('url(\'https:/fonts.googleapis.com/css2')
 2 SYSTEMPATH/CodeIgniter.php(832): CodeIgniter\Router\Router->handle('url(\'https:/fonts.googleapis.com/css2')
 3 SYSTEMPATH/CodeIgniter.php(455): CodeIgniter\CodeIgniter->tryToRouteIt(Object(CodeIgniter\Router\RouteCollection))
 4 SYSTEMPATH/CodeIgniter.php(354): CodeIgniter\CodeIgniter->handleRequest(null, Object(Config\Cache), false)
 5 SYSTEMPATH/Boot.php(334): CodeIgniter\CodeIgniter->run()
 6 SYSTEMPATH/Boot.php(67): CodeIgniter\Boot::runCodeIgniter(Object(CodeIgniter\CodeIgniter))
 7 FCPATH/index.php(56): CodeIgniter\Boot::bootWeb(Object(Config\Paths))
 8 SYSTEMPATH/rewrite.php(44): require_once('/storage/emulated/0/htdocs/lab11_ci/ci4/public/index.php')
